[Sat May 04 22:51:10.788136 2024] [mpm_prefork:notice] [pid 10595] AH00163: Apache/2.4.59 (Unix) PHP/8.3.6 configured -- resuming normal operations
[Sat May 04 22:51:10.788192 2024] [core:notice] [pid 10595] AH00094: Command line: '/opt/homebrew/opt/httpd/bin/httpd -D FOREGROUND'
[Sat May 04 22:52:52.976835 2024] [mpm_prefork:notice] [pid 10595] AH00169: caught SIGTERM, shutting down
[Sat May 04 22:52:57.640313 2024] [mpm_prefork:notice] [pid 11071] AH00163: Apache/2.4.59 (Unix) PHP/8.3.6 configured -- resuming normal operations
[Sat May 04 22:52:57.640346 2024] [core:notice] [pid 11071] AH00094: Command line: '/opt/homebrew/opt/httpd/bin/httpd -D FOREGROUND'
[Sun May 05 00:25:34.269151 2024] [mpm_prefork:notice] [pid 11071] AH00169: caught SIGTERM, shutting down
[Sun May 05 00:26:30.253505 2024] [mpm_prefork:notice] [pid 15049] AH00163: Apache/2.4.59 (Unix) PHP/8.3.6 configured -- resuming normal operations
[Sun May 05 00:26:30.253709 2024] [core:notice] [pid 15049] AH00094: Command line: '/opt/homebrew/opt/httpd/bin/httpd -D FOREGROUND'
[Sun May 05 00:33:21.736195 2024] [php:warn] [pid 15056] [client ::1:53388] PHP Warning:  mysqli_connect(): Error while reading greeting packet. PID=15056 in /Users/nelnoki/localhost/index.php on line 16
[Sun May 05 00:33:21.737288 2024] [php:error] [pid 15056] [client ::1:53388] PHP Fatal error:  Uncaught mysqli_sql_exception: MySQL server has gone away in /Users/nelnoki/localhost/index.php:16\nStack trace:\n#0 /Users/nelnoki/localhost/index.php(16): mysqli_connect('127.0.0.1:80', 'root', Object(SensitiveParameterValue), 'test')\n#1 {main}\n  thrown in /Users/nelnoki/localhost/index.php on line 16
[Sun May 05 00:33:53.658727 2024] [php:error] [pid 15395] [client ::1:53402] PHP Fatal error:  Uncaught mysqli_sql_exception: Connection refused in /Users/nelnoki/localhost/index.php:16\nStack trace:\n#0 /Users/nelnoki/localhost/index.php(16): mysqli_connect('127.0.0.1:8080', 'root', Object(SensitiveParameterValue), 'test')\n#1 {main}\n  thrown in /Users/nelnoki/localhost/index.php on line 16
[Sun May 05 00:34:22.540900 2024] [php:error] [pid 15053] [client ::1:53405] PHP Fatal error:  Uncaught mysqli_sql_exception: Connection refused in /Users/nelnoki/localhost/index.php:16\nStack trace:\n#0 /Users/nelnoki/localhost/index.php(16): mysqli_connect('127.0.0.1:8080', 'root', Object(SensitiveParameterValue), 'db_prolans')\n#1 {main}\n  thrown in /Users/nelnoki/localhost/index.php on line 16
[Sun May 05 00:34:23.358159 2024] [php:error] [pid 15053] [client ::1:53405] PHP Fatal error:  Uncaught mysqli_sql_exception: Connection refused in /Users/nelnoki/localhost/index.php:16\nStack trace:\n#0 /Users/nelnoki/localhost/index.php(16): mysqli_connect('127.0.0.1:8080', 'root', Object(SensitiveParameterValue), 'db_prolans')\n#1 {main}\n  thrown in /Users/nelnoki/localhost/index.php on line 16
[Sun May 05 00:34:53.735307 2024] [php:error] [pid 15055] [client ::1:53409] PHP Fatal error:  Uncaught mysqli_sql_exception: Connection refused in /Users/nelnoki/localhost/index.php:16\nStack trace:\n#0 /Users/nelnoki/localhost/index.php(16): mysqli_connect('127.0.0.1:8080', 'root', Object(SensitiveParameterValue), 'db_prolans')\n#1 {main}\n  thrown in /Users/nelnoki/localhost/index.php on line 16
[Sun May 05 00:34:55.065859 2024] [php:error] [pid 15055] [client ::1:53409] PHP Fatal error:  Uncaught mysqli_sql_exception: Connection refused in /Users/nelnoki/localhost/index.php:16\nStack trace:\n#0 /Users/nelnoki/localhost/index.php(16): mysqli_connect('127.0.0.1:8080', 'root', Object(SensitiveParameterValue), 'db_prolans')\n#1 {main}\n  thrown in /Users/nelnoki/localhost/index.php on line 16
[Sun May 05 00:34:55.211187 2024] [php:error] [pid 15055] [client ::1:53409] PHP Fatal error:  Uncaught mysqli_sql_exception: Connection refused in /Users/nelnoki/localhost/index.php:16\nStack trace:\n#0 /Users/nelnoki/localhost/index.php(16): mysqli_connect('127.0.0.1:8080', 'root', Object(SensitiveParameterValue), 'db_prolans')\n#1 {main}\n  thrown in /Users/nelnoki/localhost/index.php on line 16
[Sun May 05 00:35:39.143350 2024] [php:error] [pid 15392] [client ::1:53438] PHP Fatal error:  Uncaught mysqli_sql_exception: Connection refused in /Users/nelnoki/localhost/index.php:16\nStack trace:\n#0 /Users/nelnoki/localhost/index.php(16): mysqli_connect('127.0.0.1:8080', 'root', Object(SensitiveParameterValue), 'db_prolans')\n#1 {main}\n  thrown in /Users/nelnoki/localhost/index.php on line 16
[Sun May 05 00:35:40.331458 2024] [php:error] [pid 15392] [client ::1:53438] PHP Fatal error:  Uncaught mysqli_sql_exception: Connection refused in /Users/nelnoki/localhost/index.php:16\nStack trace:\n#0 /Users/nelnoki/localhost/index.php(16): mysqli_connect('127.0.0.1:8080', 'root', Object(SensitiveParameterValue), 'db_prolans')\n#1 {main}\n  thrown in /Users/nelnoki/localhost/index.php on line 16
[Sun May 05 00:37:08.384312 2024] [php:error] [pid 15395] [client ::1:53504] PHP Fatal error:  Uncaught mysqli_sql_exception: Connection refused in /Users/nelnoki/localhost/index.php:16\nStack trace:\n#0 /Users/nelnoki/localhost/index.php(16): mysqli_connect('127.0.0.1:8080', 'root', Object(SensitiveParameterValue), 'db_prolans')\n#1 {main}\n  thrown in /Users/nelnoki/localhost/index.php on line 16
[Sun May 05 00:37:10.987893 2024] [php:error] [pid 15395] [client ::1:53504] PHP Fatal error:  Uncaught mysqli_sql_exception: Connection refused in /Users/nelnoki/localhost/index.php:16\nStack trace:\n#0 /Users/nelnoki/localhost/index.php(16): mysqli_connect('127.0.0.1:8080', 'root', Object(SensitiveParameterValue), 'db_prolans')\n#1 {main}\n  thrown in /Users/nelnoki/localhost/index.php on line 16
[Sun May 05 00:37:12.998322 2024] [php:error] [pid 15395] [client ::1:53504] PHP Fatal error:  Uncaught mysqli_sql_exception: Connection refused in /Users/nelnoki/localhost/index.php:16\nStack trace:\n#0 /Users/nelnoki/localhost/index.php(16): mysqli_connect('127.0.0.1:8080', 'root', Object(SensitiveParameterValue), 'db_prolans')\n#1 {main}\n  thrown in /Users/nelnoki/localhost/index.php on line 16
[Sun May 05 00:40:30.832584 2024] [php:warn] [pid 15053] [client ::1:53556] PHP Warning:  mysqli_connect(): Error while reading greeting packet. PID=15053 in /Users/nelnoki/localhost/index.php on line 16
[Sun May 05 00:40:30.833579 2024] [php:error] [pid 15053] [client ::1:53556] PHP Fatal error:  Uncaught mysqli_sql_exception: MySQL server has gone away in /Users/nelnoki/localhost/index.php:16\nStack trace:\n#0 /Users/nelnoki/localhost/index.php(16): mysqli_connect('127.0.0.1:80', 'root', Object(SensitiveParameterValue), 'db_prolans')\n#1 {main}\n  thrown in /Users/nelnoki/localhost/index.php on line 16
[Sun May 05 04:18:32.038849 2024] [php:warn] [pid 15392] [client ::1:59417] PHP Warning:  Undefined array key "engitle" in /Users/nelnoki/localhost/index.php on line 32
[Sun May 05 04:18:32.040213 2024] [php:warn] [pid 15392] [client ::1:59417] PHP Warning:  Undefined array key "engitle" in /Users/nelnoki/localhost/index.php on line 32
[Sun May 05 04:18:32.040254 2024] [php:warn] [pid 15392] [client ::1:59417] PHP Warning:  Undefined array key "engitle" in /Users/nelnoki/localhost/index.php on line 32
[Sun May 05 04:18:32.040263 2024] [php:warn] [pid 15392] [client ::1:59417] PHP Warning:  Undefined array key "engitle" in /Users/nelnoki/localhost/index.php on line 32
[Sun May 05 04:18:32.040270 2024] [php:warn] [pid 15392] [client ::1:59417] PHP Warning:  Undefined array key "engitle" in /Users/nelnoki/localhost/index.php on line 32
[Sun May 05 06:06:30.182581 2024] [php:error] [pid 15052] [client ::1:61310] PHP Fatal error:  Uncaught mysqli_sql_exception: Unknown column 'etitle' in 'where clause' in /Users/nelnoki/localhost/index.php:67\nStack trace:\n#0 /Users/nelnoki/localhost/index.php(67): mysqli_query(Object(mysqli), 'select * from p...')\n#1 {main}\n  thrown in /Users/nelnoki/localhost/index.php on line 67, referer: http://localhost/index.php?page=courses
[Sun May 05 09:59:58.982096 2024] [php:warn] [pid 15394] [client ::1:63638] PHP Warning:  Undefined variable $conn in /Users/nelnoki/localhost/php/courses.php on line 52, referer: http://localhost/
[Sun May 05 09:59:58.984441 2024] [php:error] [pid 15394] [client ::1:63638] PHP Fatal error:  Uncaught TypeError: mysqli_query(): Argument #1 ($mysql) must be of type mysqli, null given in /Users/nelnoki/localhost/php/courses.php:52\nStack trace:\n#0 /Users/nelnoki/localhost/php/courses.php(52): mysqli_query(NULL, 'SELECT * FROM C...')\n#1 /Users/nelnoki/localhost/index.php(69): include('/Users/nelnoki/...')\n#2 {main}\n  thrown in /Users/nelnoki/localhost/php/courses.php on line 52, referer: http://localhost/
[Sun May 05 10:00:20.066608 2024] [php:error] [pid 15055] [client ::1:63645] PHP Fatal error:  Uncaught mysqli_sql_exception: Access denied for user 'root'@'localhost' (using password: YES) in /Users/nelnoki/localhost/php/courses.php:38\nStack trace:\n#0 /Users/nelnoki/localhost/php/courses.php(38): mysqli_connect('localhost', 'root', Object(SensitiveParameterValue), 'db_prolans')\n#1 /Users/nelnoki/localhost/index.php(69): include('/Users/nelnoki/...')\n#2 {main}\n  thrown in /Users/nelnoki/localhost/php/courses.php on line 38, referer: http://localhost/
[Sun May 05 10:01:49.020966 2024] [php:error] [pid 15394] [client ::1:63665] PHP Parse error:  syntax error, unexpected token "echo", expecting "," or ";" in /Users/nelnoki/localhost/php/courses.php on line 106, referer: http://localhost/index.php?age=9&direction=all
[Sun May 05 10:02:34.909039 2024] [php:error] [pid 15052] [client ::1:63672] PHP Parse error:  syntax error, unexpected token "/" in /Users/nelnoki/localhost/php/courses.php on line 106, referer: http://localhost/index.php?age=9&direction=all
[Sun May 05 10:10:35.740996 2024] [php:warn] [pid 15392] [client ::1:65162] PHP Warning:  Undefined array key "image" in /Users/nelnoki/localhost/php/courses.php on line 112, referer: http://localhost/index.php?age=9&direction=all
[Sun May 05 10:10:35.741684 2024] [php:warn] [pid 15392] [client ::1:65162] PHP Warning:  Undefined array key "image" in /Users/nelnoki/localhost/php/courses.php on line 112, referer: http://localhost/index.php?age=9&direction=all
[Sun May 05 10:10:35.741697 2024] [php:warn] [pid 15392] [client ::1:65162] PHP Warning:  Undefined array key "image" in /Users/nelnoki/localhost/php/courses.php on line 112, referer: http://localhost/index.php?age=9&direction=all
[Sun May 05 10:10:35.741707 2024] [php:warn] [pid 15392] [client ::1:65162] PHP Warning:  Undefined array key "image" in /Users/nelnoki/localhost/php/courses.php on line 112, referer: http://localhost/index.php?age=9&direction=all
[Sun May 05 10:10:35.741717 2024] [php:warn] [pid 15392] [client ::1:65162] PHP Warning:  Undefined array key "image" in /Users/nelnoki/localhost/php/courses.php on line 112, referer: http://localhost/index.php?age=9&direction=all
[Sun May 05 10:10:35.741725 2024] [php:warn] [pid 15392] [client ::1:65162] PHP Warning:  Undefined array key "image" in /Users/nelnoki/localhost/php/courses.php on line 112, referer: http://localhost/index.php?age=9&direction=all
[Sun May 05 10:10:35.741733 2024] [php:warn] [pid 15392] [client ::1:65162] PHP Warning:  Undefined array key "image" in /Users/nelnoki/localhost/php/courses.php on line 112, referer: http://localhost/index.php?age=9&direction=all
[Sun May 05 10:10:35.741741 2024] [php:warn] [pid 15392] [client ::1:65162] PHP Warning:  Undefined array key "image" in /Users/nelnoki/localhost/php/courses.php on line 112, referer: http://localhost/index.php?age=9&direction=all
[Sun May 05 10:10:35.741749 2024] [php:warn] [pid 15392] [client ::1:65162] PHP Warning:  Undefined array key "image" in /Users/nelnoki/localhost/php/courses.php on line 112, referer: http://localhost/index.php?age=9&direction=all
[Sun May 05 10:11:26.171585 2024] [php:warn] [pid 22758] [client ::1:65181] PHP Warning:  Undefined array key "image" in /Users/nelnoki/localhost/php/courses.php on line 112, referer: http://localhost/index.php?age=9&direction=all
[Sun May 05 10:11:26.172329 2024] [php:warn] [pid 22758] [client ::1:65181] PHP Warning:  Undefined array key "image" in /Users/nelnoki/localhost/php/courses.php on line 112, referer: http://localhost/index.php?age=9&direction=all
[Sun May 05 10:11:26.172384 2024] [php:warn] [pid 22758] [client ::1:65181] PHP Warning:  Undefined array key "image" in /Users/nelnoki/localhost/php/courses.php on line 112, referer: http://localhost/index.php?age=9&direction=all
[Sun May 05 10:11:26.172404 2024] [php:warn] [pid 22758] [client ::1:65181] PHP Warning:  Undefined array key "image" in /Users/nelnoki/localhost/php/courses.php on line 112, referer: http://localhost/index.php?age=9&direction=all
[Sun May 05 10:11:26.172422 2024] [php:warn] [pid 22758] [client ::1:65181] PHP Warning:  Undefined array key "image" in /Users/nelnoki/localhost/php/courses.php on line 112, referer: http://localhost/index.php?age=9&direction=all
[Sun May 05 10:11:26.172437 2024] [php:warn] [pid 22758] [client ::1:65181] PHP Warning:  Undefined array key "image" in /Users/nelnoki/localhost/php/courses.php on line 112, referer: http://localhost/index.php?age=9&direction=all
[Sun May 05 10:11:26.172452 2024] [php:warn] [pid 22758] [client ::1:65181] PHP Warning:  Undefined array key "image" in /Users/nelnoki/localhost/php/courses.php on line 112, referer: http://localhost/index.php?age=9&direction=all
[Sun May 05 10:11:26.172467 2024] [php:warn] [pid 22758] [client ::1:65181] PHP Warning:  Undefined array key "image" in /Users/nelnoki/localhost/php/courses.php on line 112, referer: http://localhost/index.php?age=9&direction=all
[Sun May 05 10:11:26.172482 2024] [php:warn] [pid 22758] [client ::1:65181] PHP Warning:  Undefined array key "image" in /Users/nelnoki/localhost/php/courses.php on line 112, referer: http://localhost/index.php?age=9&direction=all
[Sun May 05 10:20:20.740405 2024] [php:error] [pid 22746] [client ::1:65292] PHP Fatal error:  Uncaught mysqli_sql_exception: Access denied for user 'root'@'localhost' (using password: YES) in /Users/nelnoki/localhost/php/courses.php:49\nStack trace:\n#0 /Users/nelnoki/localhost/php/courses.php(49): mysqli_connect('localhost', 'root', Object(SensitiveParameterValue), 'db_prolans')\n#1 /Users/nelnoki/localhost/index.php(69): include('/Users/nelnoki/...')\n#2 {main}\n  thrown in /Users/nelnoki/localhost/php/courses.php on line 49, referer: http://localhost/index.php?age=10
[Sun May 05 10:20:27.583792 2024] [php:warn] [pid 15052] [client ::1:65293] PHP Warning:  Undefined array key "image" in /Users/nelnoki/localhost/php/courses.php on line 111, referer: http://localhost/index.php?age=10
[Sun May 05 10:20:27.584744 2024] [php:warn] [pid 15052] [client ::1:65293] PHP Warning:  Undefined array key "image" in /Users/nelnoki/localhost/php/courses.php on line 111, referer: http://localhost/index.php?age=10
[Sun May 05 10:20:27.584789 2024] [php:warn] [pid 15052] [client ::1:65293] PHP Warning:  Undefined array key "image" in /Users/nelnoki/localhost/php/courses.php on line 111, referer: http://localhost/index.php?age=10
[Sun May 05 10:20:27.584822 2024] [php:warn] [pid 15052] [client ::1:65293] PHP Warning:  Undefined array key "image" in /Users/nelnoki/localhost/php/courses.php on line 111, referer: http://localhost/index.php?age=10
[Sun May 05 10:20:27.584854 2024] [php:warn] [pid 15052] [client ::1:65293] PHP Warning:  Undefined array key "image" in /Users/nelnoki/localhost/php/courses.php on line 111, referer: http://localhost/index.php?age=10
[Sun May 05 10:20:27.584885 2024] [php:warn] [pid 15052] [client ::1:65293] PHP Warning:  Undefined array key "image" in /Users/nelnoki/localhost/php/courses.php on line 111, referer: http://localhost/index.php?age=10
[Sun May 05 10:20:27.584914 2024] [php:warn] [pid 15052] [client ::1:65293] PHP Warning:  Undefined array key "image" in /Users/nelnoki/localhost/php/courses.php on line 111, referer: http://localhost/index.php?age=10
[Sun May 05 10:20:27.584942 2024] [php:warn] [pid 15052] [client ::1:65293] PHP Warning:  Undefined array key "image" in /Users/nelnoki/localhost/php/courses.php on line 111, referer: http://localhost/index.php?age=10
[Sun May 05 10:20:27.584970 2024] [php:warn] [pid 15052] [client ::1:65293] PHP Warning:  Undefined array key "image" in /Users/nelnoki/localhost/php/courses.php on line 111, referer: http://localhost/index.php?age=10
[Sun May 05 10:54:48.532189 2024] [php:error] [pid 22786] [client ::1:57311] PHP Fatal error:  Uncaught Error: mysqli_result object is already closed in /Users/nelnoki/localhost/php/courses.php:152\nStack trace:\n#0 /Users/nelnoki/localhost/php/courses.php(152): mysqli_fetch_assoc(Object(mysqli_result))\n#1 /Users/nelnoki/localhost/index.php(69): include('/Users/nelnoki/...')\n#2 {main}\n  thrown in /Users/nelnoki/localhost/php/courses.php on line 152, referer: http://localhost/index.php?page=courses
[Sun May 05 10:55:49.946698 2024] [php:error] [pid 15392] [client ::1:57592] PHP Fatal error:  Uncaught Error: mysqli_result object is already closed in /Users/nelnoki/localhost/php/courses.php:152\nStack trace:\n#0 /Users/nelnoki/localhost/php/courses.php(152): mysqli_fetch_assoc(Object(mysqli_result))\n#1 /Users/nelnoki/localhost/index.php(69): include('/Users/nelnoki/...')\n#2 {main}\n  thrown in /Users/nelnoki/localhost/php/courses.php on line 152, referer: http://localhost/index.php?page=courses&age=9
[Sun May 05 10:55:51.305189 2024] [php:error] [pid 15392] [client ::1:57592] PHP Fatal error:  Uncaught Error: mysqli_result object is already closed in /Users/nelnoki/localhost/php/courses.php:152\nStack trace:\n#0 /Users/nelnoki/localhost/php/courses.php(152): mysqli_fetch_assoc(Object(mysqli_result))\n#1 /Users/nelnoki/localhost/index.php(69): include('/Users/nelnoki/...')\n#2 {main}\n  thrown in /Users/nelnoki/localhost/php/courses.php on line 152, referer: http://localhost/index.php?page=courses&age=10
[Sun May 05 10:55:52.115192 2024] [php:error] [pid 15392] [client ::1:57592] PHP Fatal error:  Uncaught Error: mysqli_result object is already closed in /Users/nelnoki/localhost/php/courses.php:152\nStack trace:\n#0 /Users/nelnoki/localhost/php/courses.php(152): mysqli_fetch_assoc(Object(mysqli_result))\n#1 /Users/nelnoki/localhost/index.php(69): include('/Users/nelnoki/...')\n#2 {main}\n  thrown in /Users/nelnoki/localhost/php/courses.php on line 152, referer: http://localhost/index.php?page=courses&age=11
[Sun May 05 10:55:53.259360 2024] [php:error] [pid 15392] [client ::1:57592] PHP Fatal error:  Uncaught Error: mysqli_result object is already closed in /Users/nelnoki/localhost/php/courses.php:152\nStack trace:\n#0 /Users/nelnoki/localhost/php/courses.php(152): mysqli_fetch_assoc(Object(mysqli_result))\n#1 /Users/nelnoki/localhost/index.php(69): include('/Users/nelnoki/...')\n#2 {main}\n  thrown in /Users/nelnoki/localhost/php/courses.php on line 152, referer: http://localhost/index.php?page=courses&age=12
[Sun May 05 10:55:54.000262 2024] [php:error] [pid 15392] [client ::1:57592] PHP Fatal error:  Uncaught Error: mysqli_result object is already closed in /Users/nelnoki/localhost/php/courses.php:152\nStack trace:\n#0 /Users/nelnoki/localhost/php/courses.php(152): mysqli_fetch_assoc(Object(mysqli_result))\n#1 /Users/nelnoki/localhost/index.php(69): include('/Users/nelnoki/...')\n#2 {main}\n  thrown in /Users/nelnoki/localhost/php/courses.php on line 152, referer: http://localhost/index.php?page=courses&age=13
[Sun May 05 10:55:55.368358 2024] [php:error] [pid 15392] [client ::1:57592] PHP Fatal error:  Uncaught Error: mysqli_result object is already closed in /Users/nelnoki/localhost/php/courses.php:152\nStack trace:\n#0 /Users/nelnoki/localhost/php/courses.php(152): mysqli_fetch_assoc(Object(mysqli_result))\n#1 /Users/nelnoki/localhost/index.php(69): include('/Users/nelnoki/...')\n#2 {main}\n  thrown in /Users/nelnoki/localhost/php/courses.php on line 152, referer: http://localhost/index.php?page=courses&age=14
[Sun May 05 10:55:56.376130 2024] [php:error] [pid 15392] [client ::1:57592] PHP Fatal error:  Uncaught Error: mysqli_result object is already closed in /Users/nelnoki/localhost/php/courses.php:152\nStack trace:\n#0 /Users/nelnoki/localhost/php/courses.php(152): mysqli_fetch_assoc(Object(mysqli_result))\n#1 /Users/nelnoki/localhost/index.php(69): include('/Users/nelnoki/...')\n#2 {main}\n  thrown in /Users/nelnoki/localhost/php/courses.php on line 152, referer: http://localhost/index.php?page=courses&age=9
[Sun May 05 10:55:58.894677 2024] [php:error] [pid 15392] [client ::1:57592] PHP Fatal error:  Uncaught Error: mysqli_result object is already closed in /Users/nelnoki/localhost/php/courses.php:152\nStack trace:\n#0 /Users/nelnoki/localhost/php/courses.php(152): mysqli_fetch_assoc(Object(mysqli_result))\n#1 /Users/nelnoki/localhost/index.php(69): include('/Users/nelnoki/...')\n#2 {main}\n  thrown in /Users/nelnoki/localhost/php/courses.php on line 152, referer: http://localhost/index.php?page=courses&age=10
[Sun May 05 10:55:59.882277 2024] [php:error] [pid 15392] [client ::1:57592] PHP Fatal error:  Uncaught Error: mysqli_result object is already closed in /Users/nelnoki/localhost/php/courses.php:152\nStack trace:\n#0 /Users/nelnoki/localhost/php/courses.php(152): mysqli_fetch_assoc(Object(mysqli_result))\n#1 /Users/nelnoki/localhost/index.php(69): include('/Users/nelnoki/...')\n#2 {main}\n  thrown in /Users/nelnoki/localhost/php/courses.php on line 152, referer: http://localhost/index.php?page=courses&age=9
[Sun May 05 10:56:00.923728 2024] [php:error] [pid 15392] [client ::1:57592] PHP Fatal error:  Uncaught Error: mysqli_result object is already closed in /Users/nelnoki/localhost/php/courses.php:152\nStack trace:\n#0 /Users/nelnoki/localhost/php/courses.php(152): mysqli_fetch_assoc(Object(mysqli_result))\n#1 /Users/nelnoki/localhost/index.php(69): include('/Users/nelnoki/...')\n#2 {main}\n  thrown in /Users/nelnoki/localhost/php/courses.php on line 152, referer: http://localhost/index.php?page=courses&age=10
[Sun May 05 10:56:01.778171 2024] [php:error] [pid 15392] [client ::1:57592] PHP Fatal error:  Uncaught Error: mysqli_result object is already closed in /Users/nelnoki/localhost/php/courses.php:152\nStack trace:\n#0 /Users/nelnoki/localhost/php/courses.php(152): mysqli_fetch_assoc(Object(mysqli_result))\n#1 /Users/nelnoki/localhost/index.php(69): include('/Users/nelnoki/...')\n#2 {main}\n  thrown in /Users/nelnoki/localhost/php/courses.php on line 152, referer: http://localhost/index.php?page=courses&age=11
[Sun May 05 10:56:17.427657 2024] [php:error] [pid 22758] [client ::1:57719] PHP Fatal error:  Uncaught Error: mysqli_result object is already closed in /Users/nelnoki/localhost/php/courses.php:152\nStack trace:\n#0 /Users/nelnoki/localhost/php/courses.php(152): mysqli_fetch_assoc(Object(mysqli_result))\n#1 /Users/nelnoki/localhost/index.php(69): include('/Users/nelnoki/...')\n#2 {main}\n  thrown in /Users/nelnoki/localhost/php/courses.php on line 152, referer: http://localhost/index.php?page=courses&age=11
[Sun May 05 10:56:18.869942 2024] [php:error] [pid 22758] [client ::1:57719] PHP Fatal error:  Uncaught Error: mysqli_result object is already closed in /Users/nelnoki/localhost/php/courses.php:152\nStack trace:\n#0 /Users/nelnoki/localhost/php/courses.php(152): mysqli_fetch_assoc(Object(mysqli_result))\n#1 /Users/nelnoki/localhost/index.php(69): include('/Users/nelnoki/...')\n#2 {main}\n  thrown in /Users/nelnoki/localhost/php/courses.php on line 152, referer: http://localhost/index.php?page=courses&age=12
[Sun May 05 10:56:19.750140 2024] [php:error] [pid 22758] [client ::1:57719] PHP Fatal error:  Uncaught Error: mysqli_result object is already closed in /Users/nelnoki/localhost/php/courses.php:152\nStack trace:\n#0 /Users/nelnoki/localhost/php/courses.php(152): mysqli_fetch_assoc(Object(mysqli_result))\n#1 /Users/nelnoki/localhost/index.php(69): include('/Users/nelnoki/...')\n#2 {main}\n  thrown in /Users/nelnoki/localhost/php/courses.php on line 152, referer: http://localhost/index.php?page=courses&age=9
[Sun May 05 11:09:32.573880 2024] [php:error] [pid 15053] [client ::1:61037] PHP Fatal error:  Uncaught mysqli_sql_exception: Unknown column 'internet' in 'where clause' in /Users/nelnoki/localhost/php/courses.php:85\nStack trace:\n#0 /Users/nelnoki/localhost/php/courses.php(85): mysqli_query(Object(mysqli), 'SELECT * FROM c...')\n#1 /Users/nelnoki/localhost/index.php(69): include('/Users/nelnoki/...')\n#2 {main}\n  thrown in /Users/nelnoki/localhost/php/courses.php on line 85, referer: http://localhost/index.php?page=courses&subject=graphics
[Sun May 05 11:10:46.625255 2024] [php:error] [pid 22738] [client ::1:61339] PHP Fatal error:  Uncaught mysqli_sql_exception: You have an error in your SQL syntax; check the manual that corresponds to your MySQL server version for the right syntax to use near '\xd0\xb8 \xd1\x81\xd0\xb5\xd1\x82\xd0\xb8' at line 1 in /Users/nelnoki/localhost/php/courses.php:85\nStack trace:\n#0 /Users/nelnoki/localhost/php/courses.php(85): mysqli_query(Object(mysqli), 'SELECT * FROM c...')\n#1 /Users/nelnoki/localhost/index.php(69): include('/Users/nelnoki/...')\n#2 {main}\n  thrown in /Users/nelnoki/localhost/php/courses.php on line 85, referer: http://localhost/index.php?page=courses&subject=graphics
[Sun May 05 11:14:12.493557 2024] [php:error] [pid 22746] [client ::1:62158] PHP Fatal error:  Uncaught mysqli_sql_exception: You have an error in your SQL syntax; check the manual that corresponds to your MySQL server version for the right syntax to use near '\xd0\xb8 3D \xd0\xb3\xd1\x80\xd0\xb0\xd1\x84\xd0\xb8\xd0\xba\xd0\xb0' at line 1 in /Users/nelnoki/localhost/php/courses.php:85\nStack trace:\n#0 /Users/nelnoki/localhost/php/courses.php(85): mysqli_query(Object(mysqli), 'SELECT * FROM C...')\n#1 /Users/nelnoki/localhost/index.php(69): include('/Users/nelnoki/...')\n#2 {main}\n  thrown in /Users/nelnoki/localhost/php/courses.php on line 85, referer: http://localhost/index.php?page=courses&subject=internet
[Sun May 05 12:29:09.667560 2024] [php:warn] [pid 23806] [client ::1:64566] PHP Warning:  Undefined variable $current_age in /Users/nelnoki/localhost/php/courses.php on line 49, referer: http://localhost/index.php?page=courses&age=14
[Sun May 05 12:29:09.668786 2024] [php:warn] [pid 23806] [client ::1:64566] PHP Warning:  Undefined variable $current_age in /Users/nelnoki/localhost/php/courses.php on line 49, referer: http://localhost/index.php?page=courses&age=14
[Sun May 05 12:29:09.668823 2024] [php:warn] [pid 23806] [client ::1:64566] PHP Warning:  Undefined variable $current_age in /Users/nelnoki/localhost/php/courses.php on line 49, referer: http://localhost/index.php?page=courses&age=14
[Sun May 05 12:29:09.668881 2024] [php:warn] [pid 23806] [client ::1:64566] PHP Warning:  Undefined variable $current_age in /Users/nelnoki/localhost/php/courses.php on line 49, referer: http://localhost/index.php?page=courses&age=14
[Sun May 05 12:29:09.668910 2024] [php:warn] [pid 23806] [client ::1:64566] PHP Warning:  Undefined variable $current_age in /Users/nelnoki/localhost/php/courses.php on line 49, referer: http://localhost/index.php?page=courses&age=14
[Sun May 05 12:29:09.668935 2024] [php:warn] [pid 23806] [client ::1:64566] PHP Warning:  Undefined variable $current_age in /Users/nelnoki/localhost/php/courses.php on line 49, referer: http://localhost/index.php?page=courses&age=14
[Sun May 05 12:29:09.668963 2024] [php:warn] [pid 23806] [client ::1:64566] PHP Warning:  Undefined variable $current_age in /Users/nelnoki/localhost/php/courses.php on line 66, referer: http://localhost/index.php?page=courses&age=14
[Sun May 05 12:29:09.668987 2024] [php:warn] [pid 23806] [client ::1:64566] PHP Warning:  Undefined variable $current_age in /Users/nelnoki/localhost/php/courses.php on line 66, referer: http://localhost/index.php?page=courses&age=14
[Sun May 05 12:29:09.669010 2024] [php:warn] [pid 23806] [client ::1:64566] PHP Warning:  Undefined variable $current_age in /Users/nelnoki/localhost/php/courses.php on line 66, referer: http://localhost/index.php?page=courses&age=14
[Sun May 05 12:29:09.669035 2024] [php:warn] [pid 23806] [client ::1:64566] PHP Warning:  Undefined variable $current_age in /Users/nelnoki/localhost/php/courses.php on line 66, referer: http://localhost/index.php?page=courses&age=14
[Sun May 05 13:12:07.066814 2024] [php:error] [pid 22746] [client ::1:59074] PHP Fatal error:  Uncaught Error: Undefined constant "blockBG" in /Users/nelnoki/localhost/php/courses.php:93\nStack trace:\n#0 /Users/nelnoki/localhost/index.php(69): include()\n#1 {main}\n  thrown in /Users/nelnoki/localhost/php/courses.php on line 93, referer: http://localhost/index.php?page=courses&course_subject=internet
[Sun May 05 22:56:34.718205 2024] [php:error] [pid 15394] [client ::1:65360] PHP Parse error:  Unmatched '}' in /Users/nelnoki/localhost/php/courses.php on line 74, referer: http://localhost/index.php?page=courses&age=9
[Sun May 05 22:56:50.894112 2024] [php:warn] [pid 22758] [client ::1:65506] PHP Warning:  Undefined variable $age in /Users/nelnoki/localhost/php/courses.php on line 68, referer: http://localhost/index.php?page=courses&age=9
[Sun May 05 22:56:50.895293 2024] [php:warn] [pid 22758] [client ::1:65506] PHP Warning:  Undefined variable $selected in /Users/nelnoki/localhost/php/courses.php on line 69, referer: http://localhost/index.php?page=courses&age=9
[Sun May 05 22:56:50.895319 2024] [php:warn] [pid 22758] [client ::1:65506] PHP Warning:  Undefined variable $age in /Users/nelnoki/localhost/php/courses.php on line 69, referer: http://localhost/index.php?page=courses&age=9
[Sun May 05 22:56:50.895338 2024] [php:warn] [pid 22758] [client ::1:65506] PHP Warning:  Undefined variable $label in /Users/nelnoki/localhost/php/courses.php on line 69, referer: http://localhost/index.php?page=courses&age=9
[Sun May 05 22:56:50.895357 2024] [php:warn] [pid 22758] [client ::1:65506] PHP Warning:  Undefined variable $subject in /Users/nelnoki/localhost/php/courses.php on line 86, referer: http://localhost/index.php?page=courses&age=9
[Sun May 05 22:56:50.895374 2024] [php:warn] [pid 22758] [client ::1:65506] PHP Warning:  Undefined variable $selected in /Users/nelnoki/localhost/php/courses.php on line 87, referer: http://localhost/index.php?page=courses&age=9
[Sun May 05 22:56:50.895390 2024] [php:warn] [pid 22758] [client ::1:65506] PHP Warning:  Undefined variable $subject in /Users/nelnoki/localhost/php/courses.php on line 87, referer: http://localhost/index.php?page=courses&age=9
[Sun May 05 22:56:50.895424 2024] [php:warn] [pid 22758] [client ::1:65506] PHP Warning:  Undefined variable $label in /Users/nelnoki/localhost/php/courses.php on line 87, referer: http://localhost/index.php?page=courses&age=9
[Sun May 05 22:57:17.181566 2024] [php:error] [pid 22746] [client ::1:49230] PHP Parse error:  syntax error, unexpected double-quoted string "onclick = ", expecting "," or ";" in /Users/nelnoki/localhost/php/courses.php on line 69, referer: http://localhost/index.php?page=courses&age=9
[Sun May 05 22:57:48.128122 2024] [php:error] [pid 22786] [client ::1:49357] PHP Parse error:  syntax error, unexpected identifier "name", expecting "," or ";" in /Users/nelnoki/localhost/php/courses.php on line 69, referer: http://localhost/index.php?page=courses&age=9
[Sun May 05 22:57:49.002558 2024] [php:error] [pid 22786] [client ::1:49357] PHP Parse error:  syntax error, unexpected identifier "name", expecting "," or ";" in /Users/nelnoki/localhost/php/courses.php on line 69, referer: http://localhost/index.php?page=courses&age=9
[Sun May 05 23:02:01.771542 2024] [php:warn] [pid 15394] [client ::1:50496] PHP Warning:  Undefined variable $current_subject in /Users/nelnoki/localhost/php/courses.php on line 74, referer: http://localhost/index.php?page=courses&age=11
[Sun May 05 23:02:01.771967 2024] [php:warn] [pid 15394] [client ::1:50496] PHP Warning:  Undefined variable $current_subject in /Users/nelnoki/localhost/php/courses.php on line 74, referer: http://localhost/index.php?page=courses&age=11
[Sun May 05 23:02:01.771984 2024] [php:warn] [pid 15394] [client ::1:50496] PHP Warning:  Undefined variable $current_subject in /Users/nelnoki/localhost/php/courses.php on line 74, referer: http://localhost/index.php?page=courses&age=11
[Sun May 05 23:02:01.771993 2024] [php:warn] [pid 15394] [client ::1:50496] PHP Warning:  Undefined variable $current_subject in /Users/nelnoki/localhost/php/courses.php on line 74, referer: http://localhost/index.php?page=courses&age=11
[Sun May 05 23:02:03.041538 2024] [php:warn] [pid 23806] [client ::1:50497] PHP Warning:  Undefined variable $current_subject in /Users/nelnoki/localhost/php/courses.php on line 74, referer: http://localhost/index.php?page=courses&age=12
[Sun May 05 23:02:03.041891 2024] [php:warn] [pid 23806] [client ::1:50497] PHP Warning:  Undefined variable $current_subject in /Users/nelnoki/localhost/php/courses.php on line 74, referer: http://localhost/index.php?page=courses&age=12
[Sun May 05 23:02:03.041899 2024] [php:warn] [pid 23806] [client ::1:50497] PHP Warning:  Undefined variable $current_subject in /Users/nelnoki/localhost/php/courses.php on line 74, referer: http://localhost/index.php?page=courses&age=12
[Sun May 05 23:02:03.041905 2024] [php:warn] [pid 23806] [client ::1:50497] PHP Warning:  Undefined variable $current_subject in /Users/nelnoki/localhost/php/courses.php on line 74, referer: http://localhost/index.php?page=courses&age=12
[Mon May 06 13:10:48.010576 2024] [php:warn] [pid 24780] [client ::1:59535] PHP Warning:  Trying to access array offset on null in /Users/nelnoki/localhost/php/courses.php on line 119, referer: http://localhost/index.php?page=courses&age=10
[Mon May 06 13:10:48.011175 2024] [php:warn] [pid 24780] [client ::1:59535] PHP Warning:  Trying to access array offset on null in /Users/nelnoki/localhost/php/courses.php on line 121, referer: http://localhost/index.php?page=courses&age=10
[Mon May 06 13:10:48.011219 2024] [php:warn] [pid 24780] [client ::1:59535] PHP Warning:  Trying to access array offset on null in /Users/nelnoki/localhost/php/courses.php on line 122, referer: http://localhost/index.php?page=courses&age=10
[Mon May 06 13:10:48.011245 2024] [php:warn] [pid 24780] [client ::1:59535] PHP Warning:  Trying to access array offset on null in /Users/nelnoki/localhost/php/courses.php on line 124, referer: http://localhost/index.php?page=courses&age=10
[Mon May 06 13:11:43.738512 2024] [php:warn] [pid 24774] [client ::1:59771] PHP Warning:  Trying to access array offset on null in /Users/nelnoki/localhost/php/courses.php on line 146, referer: http://localhost/index.php?page=courses&age=9
[Mon May 06 13:11:43.739187 2024] [php:warn] [pid 24774] [client ::1:59771] PHP Warning:  Trying to access array offset on null in /Users/nelnoki/localhost/php/courses.php on line 148, referer: http://localhost/index.php?page=courses&age=9
[Mon May 06 13:11:43.739202 2024] [php:warn] [pid 24774] [client ::1:59771] PHP Warning:  Trying to access array offset on null in /Users/nelnoki/localhost/php/courses.php on line 149, referer: http://localhost/index.php?page=courses&age=9
[Mon May 06 13:11:43.739210 2024] [php:warn] [pid 24774] [client ::1:59771] PHP Warning:  Trying to access array offset on null in /Users/nelnoki/localhost/php/courses.php on line 151, referer: http://localhost/index.php?page=courses&age=9
[Mon May 06 13:26:45.413346 2024] [php:warn] [pid 15053] [client ::1:63847] PHP Warning:  Array to string conversion in /Users/nelnoki/localhost/php/courses.php on line 68, referer: http://localhost/index.php?page=courses&age=14
[Mon May 06 13:29:37.495082 2024] [php:warn] [pid 24780] [client ::1:64873] PHP Warning:  Array to string conversion in /Users/nelnoki/localhost/php/courses.php on line 69, referer: http://localhost/index.php?page=courses&age=14
[Mon May 06 13:29:37.495438 2024] [php:warn] [pid 24780] [client ::1:64873] PHP Warning:  Array to string conversion in /Users/nelnoki/localhost/php/courses.php on line 69, referer: http://localhost/index.php?page=courses&age=14
[Mon May 06 13:29:37.495454 2024] [php:warn] [pid 24780] [client ::1:64873] PHP Warning:  Array to string conversion in /Users/nelnoki/localhost/php/courses.php on line 69, referer: http://localhost/index.php?page=courses&age=14
[Mon May 06 13:29:58.035920 2024] [php:warn] [pid 15394] [client ::1:64964] PHP Warning:  Array to string conversion in /Users/nelnoki/localhost/php/courses.php on line 69, referer: http://localhost/index.php?page=courses&age=14
[Mon May 06 13:29:58.036244 2024] [php:warn] [pid 15394] [client ::1:64964] PHP Warning:  Array to string conversion in /Users/nelnoki/localhost/php/courses.php on line 69, referer: http://localhost/index.php?page=courses&age=14
[Mon May 06 13:29:58.036267 2024] [php:warn] [pid 15394] [client ::1:64964] PHP Warning:  Array to string conversion in /Users/nelnoki/localhost/php/courses.php on line 69, referer: http://localhost/index.php?page=courses&age=14
[Mon May 06 16:13:37.980197 2024] [php:error] [pid 28229] [client ::1:52949] PHP Fatal error:  Uncaught TypeError: date(): Argument #2 ($timestamp) must be of type ?int, string given in /Users/nelnoki/localhost/index.php:28\nStack trace:\n#0 /Users/nelnoki/localhost/index.php(28): date('d/m/Y H:i:s', '\\xD0\\xBD\\xD0\\xB0\\xD1\\x87\\xD0\\xB0\\xD0\\xBB\\xD0\\xBE \\xD1\\x80...')\n#1 {main}\n  thrown in /Users/nelnoki/localhost/index.php on line 28
[Mon May 06 16:14:55.466484 2024] [php:error] [pid 28341] [client ::1:52983] PHP Parse error:  syntax error, unexpected single-quoted string "</p>" in /Users/nelnoki/localhost/index.php on line 28
[Mon May 06 16:30:19.020851 2024] [php:warn] [pid 28284] [client ::1:53328] PHP Warning:  include(./php/applications.php): Failed to open stream: No such file or directory in /Users/nelnoki/localhost/index.php on line 111, referer: http://localhost/index.php?page=home
[Mon May 06 16:30:19.021451 2024] [php:warn] [pid 28284] [client ::1:53328] PHP Warning:  include(): Failed opening './php/applications.php' for inclusion (include_path='.:/opt/homebrew/Cellar/php/8.3.6/share/php/pear') in /Users/nelnoki/localhost/index.php on line 111, referer: http://localhost/index.php?page=home
[Mon May 06 16:30:20.389491 2024] [php:warn] [pid 28284] [client ::1:53328] PHP Warning:  include(./php/applications.php): Failed to open stream: No such file or directory in /Users/nelnoki/localhost/index.php on line 111, referer: http://localhost/index.php?page=courses
[Mon May 06 16:30:20.389798 2024] [php:warn] [pid 28284] [client ::1:53328] PHP Warning:  include(): Failed opening './php/applications.php' for inclusion (include_path='.:/opt/homebrew/Cellar/php/8.3.6/share/php/pear') in /Users/nelnoki/localhost/index.php on line 111, referer: http://localhost/index.php?page=courses
[Mon May 06 16:35:31.119569 2024] [php:error] [pid 28310] [client ::1:53441] PHP Fatal error:  Uncaught mysqli_sql_exception: You have an error in your SQL syntax; check the manual that corresponds to your MySQL server version for the right syntax to use near '=' at line 1 in /Users/nelnoki/localhost/index.php:77\nStack trace:\n#0 /Users/nelnoki/localhost/index.php(77): mysqli_query(Object(mysqli), '=')\n#1 {main}\n  thrown in /Users/nelnoki/localhost/index.php on line 77, referer: http://localhost/index.php?page=about_us
[Mon May 06 19:16:53.494262 2024] [php:warn] [pid 28310] [client ::1:50869] PHP Warning:  Undefined array key "chosen_courses" in /Users/nelnoki/localhost/php/registration_form.php on line 62, referer: http://localhost/index.php?page=registration_form
[Mon May 06 19:16:53.495380 2024] [php:warn] [pid 28310] [client ::1:50869] PHP Warning:  Undefined array key "stBirthyear" in /Users/nelnoki/localhost/php/registration_form.php on line 70, referer: http://localhost/index.php?page=registration_form
[Mon May 06 19:16:53.495419 2024] [php:warn] [pid 28310] [client ::1:50869] PHP Warning:  Undefined array key "stNumber" in /Users/nelnoki/localhost/php/registration_form.php on line 71, referer: http://localhost/index.php?page=registration_form
[Mon May 06 19:16:53.495446 2024] [php:warn] [pid 28310] [client ::1:50869] PHP Warning:  Undefined array key "prName" in /Users/nelnoki/localhost/php/registration_form.php on line 72, referer: http://localhost/index.php?page=registration_form
[Mon May 06 19:16:53.495470 2024] [php:warn] [pid 28310] [client ::1:50869] PHP Warning:  Undefined array key "prSurname" in /Users/nelnoki/localhost/php/registration_form.php on line 73, referer: http://localhost/index.php?page=registration_form
[Mon May 06 19:16:53.495493 2024] [php:warn] [pid 28310] [client ::1:50869] PHP Warning:  Undefined array key "prPatronym" in /Users/nelnoki/localhost/php/registration_form.php on line 74, referer: http://localhost/index.php?page=registration_form
[Mon May 06 19:16:53.495563 2024] [php:warn] [pid 28310] [client ::1:50869] PHP Warning:  Undefined array key "prNumber" in /Users/nelnoki/localhost/php/registration_form.php on line 75, referer: http://localhost/index.php?page=registration_form
[Mon May 06 19:16:53.495581 2024] [php:warn] [pid 28310] [client ::1:50869] PHP Warning:  Undefined array key "prEmail" in /Users/nelnoki/localhost/php/registration_form.php on line 76, referer: http://localhost/index.php?page=registration_form
[Mon May 06 19:16:53.495643 2024] [php:warn] [pid 28310] [client ::1:50869] PHP Warning:  foreach() argument must be of type array|object, null given in /Users/nelnoki/localhost/php/registration_form.php on line 83, referer: http://localhost/index.php?page=registration_form
[Mon May 06 19:18:24.921072 2024] [php:warn] [pid 28229] [client ::1:51279] PHP Warning:  Undefined array key "chosen_courses" in /Users/nelnoki/localhost/php/registration_form.php on line 62, referer: http://localhost/index.php?page=registration_form
[Mon May 06 19:18:24.923679 2024] [php:warn] [pid 28229] [client ::1:51279] PHP Warning:  Undefined array key "stBirthyear" in /Users/nelnoki/localhost/php/registration_form.php on line 70, referer: http://localhost/index.php?page=registration_form
[Mon May 06 19:18:24.923695 2024] [php:warn] [pid 28229] [client ::1:51279] PHP Warning:  Undefined array key "stNumber" in /Users/nelnoki/localhost/php/registration_form.php on line 71, referer: http://localhost/index.php?page=registration_form
[Mon May 06 19:18:24.923702 2024] [php:warn] [pid 28229] [client ::1:51279] PHP Warning:  Undefined array key "prName" in /Users/nelnoki/localhost/php/registration_form.php on line 72, referer: http://localhost/index.php?page=registration_form
[Mon May 06 19:18:24.923709 2024] [php:warn] [pid 28229] [client ::1:51279] PHP Warning:  Undefined array key "prSurname" in /Users/nelnoki/localhost/php/registration_form.php on line 73, referer: http://localhost/index.php?page=registration_form
[Mon May 06 19:18:24.923716 2024] [php:warn] [pid 28229] [client ::1:51279] PHP Warning:  Undefined array key "prPatronym" in /Users/nelnoki/localhost/php/registration_form.php on line 74, referer: http://localhost/index.php?page=registration_form
[Mon May 06 19:18:24.923723 2024] [php:warn] [pid 28229] [client ::1:51279] PHP Warning:  Undefined array key "prNumber" in /Users/nelnoki/localhost/php/registration_form.php on line 75, referer: http://localhost/index.php?page=registration_form
[Mon May 06 19:18:24.923730 2024] [php:warn] [pid 28229] [client ::1:51279] PHP Warning:  Undefined array key "prEmail" in /Users/nelnoki/localhost/php/registration_form.php on line 76, referer: http://localhost/index.php?page=registration_form
[Mon May 06 19:18:24.923778 2024] [php:warn] [pid 28229] [client ::1:51279] PHP Warning:  foreach() argument must be of type array|object, null given in /Users/nelnoki/localhost/php/registration_form.php on line 83, referer: http://localhost/index.php?page=registration_form
[Mon May 06 19:34:44.834776 2024] [php:warn] [pid 28284] [client ::1:55880] PHP Warning:  Undefined array key "chosen_courses" in /Users/nelnoki/localhost/php/registration_form.php on line 62, referer: http://localhost/index.php?page=registration_form
[Mon May 06 19:34:44.836488 2024] [php:warn] [pid 28284] [client ::1:55880] PHP Warning:  Undefined array key "stBirthyear" in /Users/nelnoki/localhost/php/registration_form.php on line 70, referer: http://localhost/index.php?page=registration_form
[Mon May 06 19:34:44.836532 2024] [php:warn] [pid 28284] [client ::1:55880] PHP Warning:  Undefined array key "stNumber" in /Users/nelnoki/localhost/php/registration_form.php on line 71, referer: http://localhost/index.php?page=registration_form
[Mon May 06 19:34:44.836559 2024] [php:warn] [pid 28284] [client ::1:55880] PHP Warning:  Undefined array key "prName" in /Users/nelnoki/localhost/php/registration_form.php on line 72, referer: http://localhost/index.php?page=registration_form
[Mon May 06 19:34:44.836582 2024] [php:warn] [pid 28284] [client ::1:55880] PHP Warning:  Undefined array key "prSurname" in /Users/nelnoki/localhost/php/registration_form.php on line 73, referer: http://localhost/index.php?page=registration_form
[Mon May 06 19:34:44.836630 2024] [php:warn] [pid 28284] [client ::1:55880] PHP Warning:  Undefined array key "prPatronym" in /Users/nelnoki/localhost/php/registration_form.php on line 74, referer: http://localhost/index.php?page=registration_form
[Mon May 06 19:34:44.836635 2024] [php:warn] [pid 28284] [client ::1:55880] PHP Warning:  Undefined array key "prNumber" in /Users/nelnoki/localhost/php/registration_form.php on line 75, referer: http://localhost/index.php?page=registration_form
[Mon May 06 19:34:44.836640 2024] [php:warn] [pid 28284] [client ::1:55880] PHP Warning:  Undefined array key "prEmail" in /Users/nelnoki/localhost/php/registration_form.php on line 76, referer: http://localhost/index.php?page=registration_form
[Mon May 06 19:34:44.836682 2024] [php:warn] [pid 28284] [client ::1:55880] PHP Warning:  foreach() argument must be of type array|object, null given in /Users/nelnoki/localhost/php/registration_form.php on line 83, referer: http://localhost/index.php?page=registration_form
[Mon May 06 19:47:34.397591 2024] [php:warn] [pid 29158] [client ::1:58564] PHP Warning:  Undefined array key "chosen_courses" in /Users/nelnoki/localhost/php/registration_form.php on line 62, referer: http://localhost/index.php?page=registration_form
[Mon May 06 19:47:34.398324 2024] [php:warn] [pid 29158] [client ::1:58564] PHP Warning:  Undefined array key "stBirthyear" in /Users/nelnoki/localhost/php/registration_form.php on line 70, referer: http://localhost/index.php?page=registration_form
[Mon May 06 19:47:34.398336 2024] [php:warn] [pid 29158] [client ::1:58564] PHP Warning:  Undefined array key "stNumber" in /Users/nelnoki/localhost/php/registration_form.php on line 71, referer: http://localhost/index.php?page=registration_form
[Mon May 06 19:47:34.398344 2024] [php:warn] [pid 29158] [client ::1:58564] PHP Warning:  Undefined array key "prName" in /Users/nelnoki/localhost/php/registration_form.php on line 72, referer: http://localhost/index.php?page=registration_form
[Mon May 06 19:47:34.398350 2024] [php:warn] [pid 29158] [client ::1:58564] PHP Warning:  Undefined array key "prSurname" in /Users/nelnoki/localhost/php/registration_form.php on line 73, referer: http://localhost/index.php?page=registration_form
[Mon May 06 19:47:34.398356 2024] [php:warn] [pid 29158] [client ::1:58564] PHP Warning:  Undefined array key "prPatronym" in /Users/nelnoki/localhost/php/registration_form.php on line 74, referer: http://localhost/index.php?page=registration_form
[Mon May 06 19:47:34.398362 2024] [php:warn] [pid 29158] [client ::1:58564] PHP Warning:  Undefined array key "prNumber" in /Users/nelnoki/localhost/php/registration_form.php on line 75, referer: http://localhost/index.php?page=registration_form
[Mon May 06 19:47:34.398368 2024] [php:warn] [pid 29158] [client ::1:58564] PHP Warning:  Undefined array key "prEmail" in /Users/nelnoki/localhost/php/registration_form.php on line 76, referer: http://localhost/index.php?page=registration_form
[Mon May 06 19:47:34.398401 2024] [php:warn] [pid 29158] [client ::1:58564] PHP Warning:  foreach() argument must be of type array|object, null given in /Users/nelnoki/localhost/php/registration_form.php on line 83, referer: http://localhost/index.php?page=registration_form
[Mon May 06 19:49:03.919955 2024] [php:warn] [pid 28310] [client ::1:58954] PHP Warning:  Undefined array key "stBirthyear" in /Users/nelnoki/localhost/php/registration_form.php on line 68, referer: http://localhost/index.php?page=registration_form
[Mon May 06 19:49:03.921202 2024] [php:warn] [pid 28310] [client ::1:58954] PHP Warning:  Undefined array key "stNumber" in /Users/nelnoki/localhost/php/registration_form.php on line 69, referer: http://localhost/index.php?page=registration_form
[Mon May 06 19:49:03.921243 2024] [php:warn] [pid 28310] [client ::1:58954] PHP Warning:  Undefined array key "prName" in /Users/nelnoki/localhost/php/registration_form.php on line 70, referer: http://localhost/index.php?page=registration_form
[Mon May 06 19:49:03.921338 2024] [php:warn] [pid 28310] [client ::1:58954] PHP Warning:  Undefined array key "prSurname" in /Users/nelnoki/localhost/php/registration_form.php on line 71, referer: http://localhost/index.php?page=registration_form
[Mon May 06 19:49:03.921354 2024] [php:warn] [pid 28310] [client ::1:58954] PHP Warning:  Undefined array key "prPatronym" in /Users/nelnoki/localhost/php/registration_form.php on line 72, referer: http://localhost/index.php?page=registration_form
[Mon May 06 19:49:03.921370 2024] [php:warn] [pid 28310] [client ::1:58954] PHP Warning:  Undefined array key "prNumber" in /Users/nelnoki/localhost/php/registration_form.php on line 73, referer: http://localhost/index.php?page=registration_form
[Mon May 06 19:49:03.921386 2024] [php:warn] [pid 28310] [client ::1:58954] PHP Warning:  Undefined array key "prEmail" in /Users/nelnoki/localhost/php/registration_form.php on line 74, referer: http://localhost/index.php?page=registration_form
[Mon May 06 19:49:03.921424 2024] [php:warn] [pid 28310] [client ::1:58954] PHP Warning:  Undefined variable $chosen_courses in /Users/nelnoki/localhost/php/registration_form.php on line 81, referer: http://localhost/index.php?page=registration_form
[Mon May 06 19:49:03.921441 2024] [php:warn] [pid 28310] [client ::1:58954] PHP Warning:  foreach() argument must be of type array|object, null given in /Users/nelnoki/localhost/php/registration_form.php on line 81, referer: http://localhost/index.php?page=registration_form
[Mon May 06 19:49:25.842329 2024] [php:warn] [pid 28341] [client ::1:59048] PHP Warning:  Undefined array key "stBirthyear" in /Users/nelnoki/localhost/php/registration_form.php on line 68, referer: http://localhost/index.php?page=registration_form
[Mon May 06 19:49:25.843064 2024] [php:warn] [pid 28341] [client ::1:59048] PHP Warning:  Undefined array key "stNumber" in /Users/nelnoki/localhost/php/registration_form.php on line 69, referer: http://localhost/index.php?page=registration_form
[Mon May 06 19:49:25.843107 2024] [php:warn] [pid 28341] [client ::1:59048] PHP Warning:  Undefined array key "prName" in /Users/nelnoki/localhost/php/registration_form.php on line 70, referer: http://localhost/index.php?page=registration_form
[Mon May 06 19:49:25.843139 2024] [php:warn] [pid 28341] [client ::1:59048] PHP Warning:  Undefined array key "prSurname" in /Users/nelnoki/localhost/php/registration_form.php on line 71, referer: http://localhost/index.php?page=registration_form
[Mon May 06 19:49:25.843165 2024] [php:warn] [pid 28341] [client ::1:59048] PHP Warning:  Undefined array key "prPatronym" in /Users/nelnoki/localhost/php/registration_form.php on line 72, referer: http://localhost/index.php?page=registration_form
[Mon May 06 19:49:25.843190 2024] [php:warn] [pid 28341] [client ::1:59048] PHP Warning:  Undefined array key "prNumber" in /Users/nelnoki/localhost/php/registration_form.php on line 73, referer: http://localhost/index.php?page=registration_form
[Mon May 06 19:49:25.843213 2024] [php:warn] [pid 28341] [client ::1:59048] PHP Warning:  Undefined array key "prEmail" in /Users/nelnoki/localhost/php/registration_form.php on line 74, referer: http://localhost/index.php?page=registration_form
[Mon May 06 19:49:25.843266 2024] [php:warn] [pid 28341] [client ::1:59048] PHP Warning:  Undefined variable $chosen_courses in /Users/nelnoki/localhost/php/registration_form.php on line 81, referer: http://localhost/index.php?page=registration_form
[Mon May 06 19:49:25.843306 2024] [php:warn] [pid 28341] [client ::1:59048] PHP Warning:  foreach() argument must be of type array|object, null given in /Users/nelnoki/localhost/php/registration_form.php on line 81, referer: http://localhost/index.php?page=registration_form
[Mon May 06 19:49:37.962536 2024] [php:warn] [pid 28229] [client ::1:59049] PHP Warning:  Undefined variable $chosen_courses in /Users/nelnoki/localhost/php/registration_form.php on line 81, referer: http://localhost/index.php?page=registration_form&action=add_application
[Mon May 06 19:49:37.962954 2024] [php:warn] [pid 28229] [client ::1:59049] PHP Warning:  foreach() argument must be of type array|object, null given in /Users/nelnoki/localhost/php/registration_form.php on line 81, referer: http://localhost/index.php?page=registration_form&action=add_application
[Mon May 06 20:01:26.560576 2024] [php:error] [pid 28185] [client ::1:62175] PHP Fatal error:  Uncaught mysqli_sql_exception: Incorrect integer value: '' for column 'stNumber' at row 1 in /Users/nelnoki/localhost/php/registration_form.php:77\nStack trace:\n#0 /Users/nelnoki/localhost/php/registration_form.php(77): mysqli_query(Object(mysqli), 'INSERT INTO app...')\n#1 /Users/nelnoki/localhost/index.php(111): include('/Users/nelnoki/...')\n#2 {main}\n  thrown in /Users/nelnoki/localhost/php/registration_form.php on line 77, referer: http://localhost/index.php?page=registration_form&action=add_application
[Mon May 06 20:01:28.854445 2024] [php:error] [pid 28284] [client ::1:62176] PHP Fatal error:  Uncaught mysqli_sql_exception: Incorrect integer value: '' for column 'stNumber' at row 1 in /Users/nelnoki/localhost/php/registration_form.php:77\nStack trace:\n#0 /Users/nelnoki/localhost/php/registration_form.php(77): mysqli_query(Object(mysqli), 'INSERT INTO app...')\n#1 /Users/nelnoki/localhost/index.php(111): include('/Users/nelnoki/...')\n#2 {main}\n  thrown in /Users/nelnoki/localhost/php/registration_form.php on line 77, referer: http://localhost/index.php?page=registration_form&action=add_application
[Mon May 06 20:03:14.254688 2024] [php:error] [pid 28439] [client ::1:62635] PHP Fatal error:  Uncaught mysqli_sql_exception: Incorrect integer value: '' for column 'stNumber' at row 1 in /Users/nelnoki/localhost/php/registration_form.php:77\nStack trace:\n#0 /Users/nelnoki/localhost/php/registration_form.php(77): mysqli_query(Object(mysqli), 'INSERT INTO app...')\n#1 /Users/nelnoki/localhost/index.php(111): include('/Users/nelnoki/...')\n#2 {main}\n  thrown in /Users/nelnoki/localhost/php/registration_form.php on line 77, referer: http://localhost/index.php?page=registration_form&action=add_application
[Mon May 06 20:04:29.722093 2024] [php:error] [pid 28349] [client ::1:62975] PHP Fatal error:  Uncaught mysqli_sql_exception: Incorrect integer value: '' for column 'stNumber' at row 1 in /Users/nelnoki/localhost/php/registration_form.php:77\nStack trace:\n#0 /Users/nelnoki/localhost/php/registration_form.php(77): mysqli_query(Object(mysqli), 'INSERT INTO app...')\n#1 /Users/nelnoki/localhost/index.php(111): include('/Users/nelnoki/...')\n#2 {main}\n  thrown in /Users/nelnoki/localhost/php/registration_form.php on line 77, referer: http://localhost/index.php?page=registration_form&action=add_application
[Mon May 06 20:05:18.588679 2024] [php:error] [pid 28348] [client ::1:63189] PHP Fatal error:  Uncaught mysqli_sql_exception: Incorrect integer value: '' for column 'stNumber' at row 1 in /Users/nelnoki/localhost/php/registration_form.php:77\nStack trace:\n#0 /Users/nelnoki/localhost/php/registration_form.php(77): mysqli_query(Object(mysqli), 'INSERT INTO app...')\n#1 /Users/nelnoki/localhost/index.php(111): include('/Users/nelnoki/...')\n#2 {main}\n  thrown in /Users/nelnoki/localhost/php/registration_form.php on line 77, referer: http://localhost/index.php?page=registration_form&action=add_application
[Mon May 06 20:10:21.753728 2024] [php:error] [pid 28185] [client ::1:65072] PHP Fatal error:  Uncaught mysqli_sql_exception: Incorrect integer value: '' for column 'stNumber' at row 1 in /Users/nelnoki/localhost/php/registration_form.php:77\nStack trace:\n#0 /Users/nelnoki/localhost/php/registration_form.php(77): mysqli_query(Object(mysqli), 'INSERT INTO app...')\n#1 /Users/nelnoki/localhost/index.php(111): include('/Users/nelnoki/...')\n#2 {main}\n  thrown in /Users/nelnoki/localhost/php/registration_form.php on line 77, referer: http://localhost/index.php?page=registration_form
[Mon May 06 20:12:55.880303 2024] [php:error] [pid 29158] [client ::1:49365] PHP Fatal error:  Uncaught mysqli_sql_exception: Incorrect integer value: '' for column 'stNumber' at row 1 in /Users/nelnoki/localhost/php/registration_form.php:77\nStack trace:\n#0 /Users/nelnoki/localhost/php/registration_form.php(77): mysqli_query(Object(mysqli), 'INSERT INTO app...')\n#1 /Users/nelnoki/localhost/index.php(111): include('/Users/nelnoki/...')\n#2 {main}\n  thrown in /Users/nelnoki/localhost/php/registration_form.php on line 77, referer: http://localhost/index.php?page=registration_form
[Mon May 06 20:14:27.809522 2024] [php:error] [pid 28310] [client ::1:49760] PHP Fatal error:  Uncaught mysqli_sql_exception: Incorrect integer value: '' for column 'stNumber' at row 1 in /Users/nelnoki/localhost/php/registration_form.php:77\nStack trace:\n#0 /Users/nelnoki/localhost/php/registration_form.php(77): mysqli_query(Object(mysqli), 'INSERT INTO app...')\n#1 /Users/nelnoki/localhost/index.php(111): include('/Users/nelnoki/...')\n#2 {main}\n  thrown in /Users/nelnoki/localhost/php/registration_form.php on line 77, referer: http://localhost/index.php?page=registration_form
[Mon May 06 20:14:48.656710 2024] [php:error] [pid 28341] [client ::1:49783] PHP Fatal error:  Uncaught mysqli_sql_exception: Incorrect integer value: '' for column 'stNumber' at row 1 in /Users/nelnoki/localhost/php/registration_form.php:77\nStack trace:\n#0 /Users/nelnoki/localhost/php/registration_form.php(77): mysqli_query(Object(mysqli), 'INSERT INTO app...')\n#1 /Users/nelnoki/localhost/index.php(111): include('/Users/nelnoki/...')\n#2 {main}\n  thrown in /Users/nelnoki/localhost/php/registration_form.php on line 77, referer: http://localhost/index.php?page=registration_form
[Mon May 06 20:19:21.216628 2024] [php:warn] [pid 28171] [client ::1:51002] PHP Warning:  Undefined array key "stNumbprNumberer" in /Users/nelnoki/localhost/php/registration_form.php on line 73, referer: http://localhost/index.php?page=registration_form
[Mon May 06 20:52:41.100459 2024] [php:warn] [pid 28310] [client ::1:59912] PHP Warning:  Undefined variable $chosen_courses in /Users/nelnoki/localhost/php/registration_form.php on line 85, referer: http://localhost/index.php?page=registration_form&action=add_application
[Mon May 06 20:52:41.101182 2024] [php:error] [pid 28310] [client ::1:59912] PHP Fatal error:  Uncaught mysqli_sql_exception: You have an error in your SQL syntax; check the manual that corresponds to your MySQL server version for the right syntax to use near '' at line 1 in /Users/nelnoki/localhost/php/registration_form.php:86\nStack trace:\n#0 /Users/nelnoki/localhost/php/registration_form.php(86): mysqli_query(Object(mysqli), 'SELECT ID FROM ...')\n#1 /Users/nelnoki/localhost/index.php(111): include('/Users/nelnoki/...')\n#2 {main}\n  thrown in /Users/nelnoki/localhost/php/registration_form.php on line 86, referer: http://localhost/index.php?page=registration_form&action=add_application
[Mon May 06 20:53:31.922957 2024] [php:warn] [pid 28229] [client ::1:60123] PHP Warning:  Array to string conversion in /Users/nelnoki/localhost/php/registration_form.php on line 86, referer: http://localhost/index.php?page=registration_form&action=add_application
[Mon May 06 20:53:31.923838 2024] [php:error] [pid 28229] [client ::1:60123] PHP Fatal error:  Uncaught mysqli_sql_exception: Unknown column 'Array' in 'where clause' in /Users/nelnoki/localhost/php/registration_form.php:87\nStack trace:\n#0 /Users/nelnoki/localhost/php/registration_form.php(87): mysqli_query(Object(mysqli), 'SELECT ID FROM ...')\n#1 /Users/nelnoki/localhost/index.php(111): include('/Users/nelnoki/...')\n#2 {main}\n  thrown in /Users/nelnoki/localhost/php/registration_form.php on line 87, referer: http://localhost/index.php?page=registration_form&action=add_application
[Mon May 06 20:54:12.593828 2024] [php:error] [pid 28185] [client ::1:60263] PHP Fatal error:  Uncaught mysqli_sql_exception: Unknown column 'BV' in 'where clause' in /Users/nelnoki/localhost/php/registration_form.php:87\nStack trace:\n#0 /Users/nelnoki/localhost/php/registration_form.php(87): mysqli_query(Object(mysqli), 'SELECT ID FROM ...')\n#1 /Users/nelnoki/localhost/index.php(111): include('/Users/nelnoki/...')\n#2 {main}\n  thrown in /Users/nelnoki/localhost/php/registration_form.php on line 87, referer: http://localhost/index.php?page=registration_form
[Mon May 06 20:56:04.252173 2024] [php:error] [pid 29158] [client ::1:60728] PHP Fatal error:  Uncaught mysqli_sql_exception: Unknown column 'BV' in 'where clause' in /Users/nelnoki/localhost/php/registration_form.php:87\nStack trace:\n#0 /Users/nelnoki/localhost/php/registration_form.php(87): mysqli_query(Object(mysqli), 'SELECT ID FROM ...')\n#1 /Users/nelnoki/localhost/index.php(111): include('/Users/nelnoki/...')\n#2 {main}\n  thrown in /Users/nelnoki/localhost/php/registration_form.php on line 87, referer: http://localhost/index.php?page=registration_form
[Mon May 06 20:56:59.537490 2024] [php:error] [pid 28310] [client ::1:61016] PHP Fatal error:  Uncaught mysqli_sql_exception: Unknown column 'BV' in 'where clause' in /Users/nelnoki/localhost/php/registration_form.php:88\nStack trace:\n#0 /Users/nelnoki/localhost/php/registration_form.php(88): mysqli_query(Object(mysqli), 'SELECT ID FROM ...')\n#1 /Users/nelnoki/localhost/index.php(111): include('/Users/nelnoki/...')\n#2 {main}\n  thrown in /Users/nelnoki/localhost/php/registration_form.php on line 88, referer: http://localhost/index.php?page=registration_form
[Mon May 06 20:58:32.674704 2024] [php:error] [pid 28229] [client ::1:61424] PHP Fatal error:  Uncaught mysqli_sql_exception: Unknown column 'N' in 'where clause' in /Users/nelnoki/localhost/php/registration_form.php:88\nStack trace:\n#0 /Users/nelnoki/localhost/php/registration_form.php(88): mysqli_query(Object(mysqli), 'SELECT ID FROM ...')\n#1 /Users/nelnoki/localhost/index.php(111): include('/Users/nelnoki/...')\n#2 {main}\n  thrown in /Users/nelnoki/localhost/php/registration_form.php on line 88, referer: http://localhost/index.php?page=registration_form&action=add_application
[Mon May 06 21:00:52.056108 2024] [php:error] [pid 28341] [client ::1:62024] PHP Fatal error:  Uncaught mysqli_sql_exception: You have an error in your SQL syntax; check the manual that corresponds to your MySQL server version for the right syntax to use near 'IS' at line 1 in /Users/nelnoki/localhost/php/registration_form.php:88\nStack trace:\n#0 /Users/nelnoki/localhost/php/registration_form.php(88): mysqli_query(Object(mysqli), 'select ID from ...')\n#1 /Users/nelnoki/localhost/index.php(111): include('/Users/nelnoki/...')\n#2 {main}\n  thrown in /Users/nelnoki/localhost/php/registration_form.php on line 88, referer: http://localhost/index.php?page=registration_form&action=add_application
[Mon May 06 21:01:52.470520 2024] [php:error] [pid 28284] [client ::1:62287] PHP Fatal error:  Uncaught mysqli_sql_exception: Unknown column 'BV' in 'where clause' in /Users/nelnoki/localhost/php/registration_form.php:89\nStack trace:\n#0 /Users/nelnoki/localhost/php/registration_form.php(89): mysqli_query(Object(mysqli), 'select ID from ...')\n#1 /Users/nelnoki/localhost/index.php(111): include('/Users/nelnoki/...')\n#2 {main}\n  thrown in /Users/nelnoki/localhost/php/registration_form.php on line 89, referer: http://localhost/index.php?page=registration_form&action=add_application
[Mon May 06 21:03:30.216277 2024] [php:error] [pid 29158] [client ::1:62712] PHP Fatal error:  Uncaught mysqli_sql_exception: You have an error in your SQL syntax; check the manual that corresponds to your MySQL server version for the right syntax to use near '.BV.''' at line 1 in /Users/nelnoki/localhost/php/registration_form.php:89\nStack trace:\n#0 /Users/nelnoki/localhost/php/registration_form.php(89): mysqli_query(Object(mysqli), 'select ID from ...')\n#1 /Users/nelnoki/localhost/index.php(111): include('/Users/nelnoki/...')\n#2 {main}\n  thrown in /Users/nelnoki/localhost/php/registration_form.php on line 89, referer: http://localhost/index.php?page=registration_form&action=add_application
[Mon May 06 21:03:58.117035 2024] [php:error] [pid 28310] [client ::1:62830] PHP Fatal error:  Uncaught mysqli_sql_exception: You have an error in your SQL syntax; check the manual that corresponds to your MySQL server version for the right syntax to use near 'BV''' at line 1 in /Users/nelnoki/localhost/php/registration_form.php:89\nStack trace:\n#0 /Users/nelnoki/localhost/php/registration_form.php(89): mysqli_query(Object(mysqli), 'select ID from ...')\n#1 /Users/nelnoki/localhost/index.php(111): include('/Users/nelnoki/...')\n#2 {main}\n  thrown in /Users/nelnoki/localhost/php/registration_form.php on line 89, referer: http://localhost/index.php?page=registration_form&action=add_application
[Mon May 06 21:05:54.229740 2024] [php:warn] [pid 28229] [client ::1:63324] PHP Warning:  Array to string conversion in /Users/nelnoki/localhost/php/registration_form.php on line 92, referer: http://localhost/index.php?page=registration_form&action=add_application
[Mon May 06 21:05:54.230893 2024] [php:error] [pid 28229] [client ::1:63324] PHP Fatal error:  Uncaught mysqli_sql_exception: Incorrect integer value: 'Array' for column 'courseID' at row 1 in /Users/nelnoki/localhost/php/registration_form.php:93\nStack trace:\n#0 /Users/nelnoki/localhost/php/registration_form.php(93): mysqli_query(Object(mysqli), 'INSERT INTO Cou...')\n#1 /Users/nelnoki/localhost/index.php(111): include('/Users/nelnoki/...')\n#2 {main}\n  thrown in /Users/nelnoki/localhost/php/registration_form.php on line 93, referer: http://localhost/index.php?page=registration_form&action=add_application
[Mon May 06 21:07:26.976333 2024] [php:warn] [pid 28341] [client ::1:63707] PHP Warning:  Array to string conversion in /Users/nelnoki/localhost/php/registration_form.php on line 91, referer: http://localhost/index.php?page=registration_form&action=add_application
[Mon May 06 21:07:26.977115 2024] [php:warn] [pid 28341] [client ::1:63707] PHP Warning:  Array to string conversion in /Users/nelnoki/localhost/php/registration_form.php on line 93, referer: http://localhost/index.php?page=registration_form&action=add_application
[Mon May 06 21:07:26.977502 2024] [php:error] [pid 28341] [client ::1:63707] PHP Fatal error:  Uncaught mysqli_sql_exception: Incorrect integer value: 'Array' for column 'courseID' at row 1 in /Users/nelnoki/localhost/php/registration_form.php:94\nStack trace:\n#0 /Users/nelnoki/localhost/php/registration_form.php(94): mysqli_query(Object(mysqli), 'INSERT INTO Cou...')\n#1 /Users/nelnoki/localhost/index.php(111): include('/Users/nelnoki/...')\n#2 {main}\n  thrown in /Users/nelnoki/localhost/php/registration_form.php on line 94, referer: http://localhost/index.php?page=registration_form&action=add_application
[Mon May 06 21:07:31.761606 2024] [php:warn] [pid 28341] [client ::1:63707] PHP Warning:  Array to string conversion in /Users/nelnoki/localhost/php/registration_form.php on line 91, referer: http://localhost/index.php?page=registration_form&action=add_application
[Mon May 06 21:07:31.761873 2024] [php:warn] [pid 28341] [client ::1:63707] PHP Warning:  Array to string conversion in /Users/nelnoki/localhost/php/registration_form.php on line 93, referer: http://localhost/index.php?page=registration_form&action=add_application
[Mon May 06 21:07:31.762054 2024] [php:error] [pid 28341] [client ::1:63707] PHP Fatal error:  Uncaught mysqli_sql_exception: Incorrect integer value: 'Array' for column 'courseID' at row 1 in /Users/nelnoki/localhost/php/registration_form.php:94\nStack trace:\n#0 /Users/nelnoki/localhost/php/registration_form.php(94): mysqli_query(Object(mysqli), 'INSERT INTO Cou...')\n#1 /Users/nelnoki/localhost/index.php(111): include('/Users/nelnoki/...')\n#2 {main}\n  thrown in /Users/nelnoki/localhost/php/registration_form.php on line 94, referer: http://localhost/index.php?page=registration_form&action=add_application
[Mon May 06 21:09:17.669052 2024] [php:warn] [pid 28284] [client ::1:64207] PHP Warning:  Array to string conversion in /Users/nelnoki/localhost/php/registration_form.php on line 90, referer: http://localhost/index.php?page=registration_form&action=add_application
[Mon May 06 21:09:17.670366 2024] [php:error] [pid 28284] [client ::1:64207] PHP Fatal error:  Uncaught mysqli_sql_exception: Incorrect integer value: 'Array' for column 'courseID' at row 1 in /Users/nelnoki/localhost/php/registration_form.php:91\nStack trace:\n#0 /Users/nelnoki/localhost/php/registration_form.php(91): mysqli_query(Object(mysqli), 'INSERT INTO Cou...')\n#1 /Users/nelnoki/localhost/index.php(111): include('/Users/nelnoki/...')\n#2 {main}\n  thrown in /Users/nelnoki/localhost/php/registration_form.php on line 91, referer: http://localhost/index.php?page=registration_form&action=add_application
[Mon May 06 22:59:49.725342 2024] [php:error] [pid 29158] [client ::1:65242] PHP Fatal error:  Uncaught Error: Object of class mysqli_result could not be converted to string in /Users/nelnoki/localhost/php/applications.php:12\nStack trace:\n#0 /Users/nelnoki/localhost/index.php(111): include()\n#1 {main}\n  thrown in /Users/nelnoki/localhost/php/applications.php on line 12, referer: http://localhost/index.php?page=home
[Mon May 06 23:13:35.372889 2024] [php:warn] [pid 28310] [client ::1:52353] PHP Warning:  Undefined variable $k in /Users/nelnoki/localhost/php/applications.php on line 15, referer: http://localhost/index.php?page=home
[Mon May 06 23:13:35.373963 2024] [php:warn] [pid 28310] [client ::1:52353] PHP Warning:  Trying to access array offset on null in /Users/nelnoki/localhost/php/applications.php on line 15, referer: http://localhost/index.php?page=home
[Mon May 06 23:13:35.374004 2024] [php:warn] [pid 28310] [client ::1:52353] PHP Warning:  Undefined variable $k in /Users/nelnoki/localhost/php/applications.php on line 18, referer: http://localhost/index.php?page=home
[Mon May 06 23:13:35.374024 2024] [php:warn] [pid 28310] [client ::1:52353] PHP Warning:  Trying to access array offset on null in /Users/nelnoki/localhost/php/applications.php on line 18, referer: http://localhost/index.php?page=home
[Mon May 06 23:13:35.374043 2024] [php:warn] [pid 28310] [client ::1:52353] PHP Warning:  Undefined variable $k in /Users/nelnoki/localhost/php/applications.php on line 23, referer: http://localhost/index.php?page=home
[Mon May 06 23:13:35.374059 2024] [php:warn] [pid 28310] [client ::1:52353] PHP Warning:  Trying to access array offset on null in /Users/nelnoki/localhost/php/applications.php on line 23, referer: http://localhost/index.php?page=home
[Mon May 06 23:13:35.374075 2024] [php:warn] [pid 28310] [client ::1:52353] PHP Warning:  Undefined variable $k in /Users/nelnoki/localhost/php/applications.php on line 24, referer: http://localhost/index.php?page=home
[Mon May 06 23:13:35.374091 2024] [php:warn] [pid 28310] [client ::1:52353] PHP Warning:  Trying to access array offset on null in /Users/nelnoki/localhost/php/applications.php on line 24, referer: http://localhost/index.php?page=home
[Mon May 06 23:13:35.374106 2024] [php:warn] [pid 28310] [client ::1:52353] PHP Warning:  Undefined variable $k in /Users/nelnoki/localhost/php/applications.php on line 25, referer: http://localhost/index.php?page=home
[Mon May 06 23:13:35.374121 2024] [php:warn] [pid 28310] [client ::1:52353] PHP Warning:  Trying to access array offset on null in /Users/nelnoki/localhost/php/applications.php on line 25, referer: http://localhost/index.php?page=home
[Mon May 06 23:13:35.374136 2024] [php:warn] [pid 28310] [client ::1:52353] PHP Warning:  Undefined variable $k in /Users/nelnoki/localhost/php/applications.php on line 26, referer: http://localhost/index.php?page=home
[Mon May 06 23:13:35.374151 2024] [php:warn] [pid 28310] [client ::1:52353] PHP Warning:  Trying to access array offset on null in /Users/nelnoki/localhost/php/applications.php on line 26, referer: http://localhost/index.php?page=home
[Mon May 06 23:13:35.374199 2024] [php:warn] [pid 28310] [client ::1:52353] PHP Warning:  Undefined variable $k in /Users/nelnoki/localhost/php/applications.php on line 27, referer: http://localhost/index.php?page=home
[Mon May 06 23:13:35.374217 2024] [php:warn] [pid 28310] [client ::1:52353] PHP Warning:  Trying to access array offset on null in /Users/nelnoki/localhost/php/applications.php on line 27, referer: http://localhost/index.php?page=home
[Mon May 06 23:13:35.374233 2024] [php:warn] [pid 28310] [client ::1:52353] PHP Warning:  Undefined variable $cRes in /Users/nelnoki/localhost/php/applications.php on line 28, referer: http://localhost/index.php?page=home
[Mon May 06 23:13:35.374336 2024] [php:error] [pid 28310] [client ::1:52353] PHP Fatal error:  Uncaught TypeError: mysqli_fetch_array(): Argument #1 ($result) must be of type mysqli_result, null given in /Users/nelnoki/localhost/php/applications.php:28\nStack trace:\n#0 /Users/nelnoki/localhost/php/applications.php(28): mysqli_fetch_array(NULL)\n#1 /Users/nelnoki/localhost/index.php(111): include('/Users/nelnoki/...')\n#2 {main}\n  thrown in /Users/nelnoki/localhost/php/applications.php on line 28, referer: http://localhost/index.php?page=home
[Mon May 06 23:14:00.096755 2024] [php:warn] [pid 28229] [client ::1:52464] PHP Warning:  Undefined variable $cRes in /Users/nelnoki/localhost/php/applications.php on line 28, referer: http://localhost/index.php?page=home
[Mon May 06 23:14:00.097248 2024] [php:error] [pid 28229] [client ::1:52464] PHP Fatal error:  Uncaught TypeError: mysqli_fetch_array(): Argument #1 ($result) must be of type mysqli_result, null given in /Users/nelnoki/localhost/php/applications.php:28\nStack trace:\n#0 /Users/nelnoki/localhost/php/applications.php(28): mysqli_fetch_array(NULL)\n#1 /Users/nelnoki/localhost/index.php(111): include('/Users/nelnoki/...')\n#2 {main}\n  thrown in /Users/nelnoki/localhost/php/applications.php on line 28, referer: http://localhost/index.php?page=home
[Mon May 06 23:16:11.233114 2024] [php:warn] [pid 29158] [client ::1:53022] PHP Warning:  Undefined array key "stName" in /Users/nelnoki/localhost/php/applications.php on line 65, referer: http://localhost/index.php?page=applications&action=delete_application&ID=30
[Mon May 06 23:16:11.233710 2024] [php:warn] [pid 29158] [client ::1:53022] PHP Warning:  Undefined array key "stSurname" in /Users/nelnoki/localhost/php/applications.php on line 66, referer: http://localhost/index.php?page=applications&action=delete_application&ID=30
[Mon May 06 23:16:11.233734 2024] [php:warn] [pid 29158] [client ::1:53022] PHP Warning:  Undefined array key "prEmail" in /Users/nelnoki/localhost/php/applications.php on line 66, referer: http://localhost/index.php?page=applications&action=delete_application&ID=30
[Mon May 06 23:16:11.233743 2024] [php:warn] [pid 29158] [client ::1:53022] PHP Warning:  Undefined array key "date" in /Users/nelnoki/localhost/php/applications.php on line 66, referer: http://localhost/index.php?page=applications&action=delete_application&ID=30
[Mon May 06 23:16:11.233750 2024] [php:warn] [pid 29158] [client ::1:53022] PHP Warning:  Undefined array key "ID" in /Users/nelnoki/localhost/php/applications.php on line 67, referer: http://localhost/index.php?page=applications&action=delete_application&ID=30
[Mon May 06 23:16:11.233954 2024] [php:error] [pid 29158] [client ::1:53022] PHP Fatal error:  Uncaught mysqli_sql_exception: You have an error in your SQL syntax; check the manual that corresponds to your MySQL server version for the right syntax to use near '' at line 1 in /Users/nelnoki/localhost/php/applications.php:69\nStack trace:\n#0 /Users/nelnoki/localhost/php/applications.php(69): mysqli_query(Object(mysqli), 'update Applicat...')\n#1 /Users/nelnoki/localhost/index.php(111): include('/Users/nelnoki/...')\n#2 {main}\n  thrown in /Users/nelnoki/localhost/php/applications.php on line 69, referer: http://localhost/index.php?page=applications&action=delete_application&ID=30
[Mon May 06 23:16:15.004510 2024] [php:warn] [pid 28348] [client ::1:53023] PHP Warning:  Undefined array key "stName" in /Users/nelnoki/localhost/php/applications.php on line 65, referer: http://localhost/index.php?page=applications&action=update_application&ID=30
[Mon May 06 23:16:15.004784 2024] [php:warn] [pid 28348] [client ::1:53023] PHP Warning:  Undefined array key "stSurname" in /Users/nelnoki/localhost/php/applications.php on line 66, referer: http://localhost/index.php?page=applications&action=update_application&ID=30
[Mon May 06 23:16:15.004803 2024] [php:warn] [pid 28348] [client ::1:53023] PHP Warning:  Undefined array key "prEmail" in /Users/nelnoki/localhost/php/applications.php on line 66, referer: http://localhost/index.php?page=applications&action=update_application&ID=30
[Mon May 06 23:16:15.004812 2024] [php:warn] [pid 28348] [client ::1:53023] PHP Warning:  Undefined array key "date" in /Users/nelnoki/localhost/php/applications.php on line 66, referer: http://localhost/index.php?page=applications&action=update_application&ID=30
[Mon May 06 23:16:15.004819 2024] [php:warn] [pid 28348] [client ::1:53023] PHP Warning:  Undefined array key "ID" in /Users/nelnoki/localhost/php/applications.php on line 67, referer: http://localhost/index.php?page=applications&action=update_application&ID=30
[Mon May 06 23:16:15.005037 2024] [php:error] [pid 28348] [client ::1:53023] PHP Fatal error:  Uncaught mysqli_sql_exception: You have an error in your SQL syntax; check the manual that corresponds to your MySQL server version for the right syntax to use near '' at line 1 in /Users/nelnoki/localhost/php/applications.php:69\nStack trace:\n#0 /Users/nelnoki/localhost/php/applications.php(69): mysqli_query(Object(mysqli), 'update Applicat...')\n#1 /Users/nelnoki/localhost/index.php(111): include('/Users/nelnoki/...')\n#2 {main}\n  thrown in /Users/nelnoki/localhost/php/applications.php on line 69, referer: http://localhost/index.php?page=applications&action=update_application&ID=30
[Mon May 06 23:16:23.373624 2024] [php:warn] [pid 28310] [client ::1:53076] PHP Warning:  Undefined array key "stName" in /Users/nelnoki/localhost/php/applications.php on line 65, referer: http://localhost/index.php?page=applications
[Mon May 06 23:16:23.373895 2024] [php:warn] [pid 28310] [client ::1:53076] PHP Warning:  Undefined array key "stSurname" in /Users/nelnoki/localhost/php/applications.php on line 66, referer: http://localhost/index.php?page=applications
[Mon May 06 23:16:23.373920 2024] [php:warn] [pid 28310] [client ::1:53076] PHP Warning:  Undefined array key "prEmail" in /Users/nelnoki/localhost/php/applications.php on line 66, referer: http://localhost/index.php?page=applications
[Mon May 06 23:16:23.373930 2024] [php:warn] [pid 28310] [client ::1:53076] PHP Warning:  Undefined array key "date" in /Users/nelnoki/localhost/php/applications.php on line 66, referer: http://localhost/index.php?page=applications
[Mon May 06 23:16:23.373937 2024] [php:warn] [pid 28310] [client ::1:53076] PHP Warning:  Undefined array key "ID" in /Users/nelnoki/localhost/php/applications.php on line 67, referer: http://localhost/index.php?page=applications
[Mon May 06 23:16:23.374160 2024] [php:error] [pid 28310] [client ::1:53076] PHP Fatal error:  Uncaught mysqli_sql_exception: You have an error in your SQL syntax; check the manual that corresponds to your MySQL server version for the right syntax to use near '' at line 1 in /Users/nelnoki/localhost/php/applications.php:69\nStack trace:\n#0 /Users/nelnoki/localhost/php/applications.php(69): mysqli_query(Object(mysqli), 'update Applicat...')\n#1 /Users/nelnoki/localhost/index.php(111): include('/Users/nelnoki/...')\n#2 {main}\n  thrown in /Users/nelnoki/localhost/php/applications.php on line 69, referer: http://localhost/index.php?page=applications
[Tue May 07 09:29:20.613171 2024] [php:error] [pid 28171] [client ::1:64054] PHP Parse error:  syntax error, unexpected identifier "value" in /Users/nelnoki/localhost/php/applications.php on line 62, referer: http://localhost/index.php?page=applications
[Tue May 07 11:40:36.828615 2024] [php:error] [pid 29158] [client ::1:54426] PHP Fatal error:  Uncaught mysqli_sql_exception: Out of range value for column 'stNumber' at row 1 in /Users/nelnoki/localhost/php/registration_form.php:80\nStack trace:\n#0 /Users/nelnoki/localhost/php/registration_form.php(80): mysqli_query(Object(mysqli), 'INSERT INTO app...')\n#1 /Users/nelnoki/localhost/index.php(111): include('/Users/nelnoki/...')\n#2 {main}\n  thrown in /Users/nelnoki/localhost/php/registration_form.php on line 80, referer: http://localhost/index.php?page=registration_form
[Tue May 07 11:54:50.954761 2024] [php:warn] [pid 28341] [client ::1:55253] PHP Warning:  Cannot modify header information - headers already sent by (output started at /Users/nelnoki/localhost/php/applications.php:37) in /Users/nelnoki/localhost/php/applications.php on line 105, referer: http://localhost/index.php?page=applications&action=update_application_form&ID=34
[Tue May 07 11:55:07.124265 2024] [php:warn] [pid 28185] [client ::1:55254] PHP Warning:  Cannot modify header information - headers already sent by (output started at /Users/nelnoki/localhost/php/applications.php:37) in /Users/nelnoki/localhost/php/applications.php on line 105, referer: http://localhost/index.php?page=applications&action=update_application_form&ID=34
[Tue May 07 12:02:08.990021 2024] [php:warn] [pid 28341] [client ::1:55522] PHP Warning:  Cannot modify header information - headers already sent by (output started at /Users/nelnoki/localhost/php/applications.php:37) in /Users/nelnoki/localhost/php/applications.php on line 108, referer: http://localhost/index.php?page=applications&action=update_application_form&ID=1
[Tue May 07 14:18:43.096042 2024] [php:error] [pid 28349] [client ::1:51953] PHP Fatal error:  Uncaught mysqli_sql_exception: Duplicate entry '1' for key 'coursesapplications.courseID' in /Users/nelnoki/localhost/php/registration_form.php:99\nStack trace:\n#0 /Users/nelnoki/localhost/php/registration_form.php(99): mysqli_query(Object(mysqli), 'INSERT INTO Cou...')\n#1 /Users/nelnoki/localhost/index.php(114): include('/Users/nelnoki/...')\n#2 {main}\n  thrown in /Users/nelnoki/localhost/php/registration_form.php on line 99, referer: http://localhost/index.php?page=registration_form
[Tue May 07 14:18:58.438827 2024] [php:error] [pid 28171] [client ::1:52021] PHP Fatal error:  Uncaught mysqli_sql_exception: Duplicate entry '1' for key 'coursesapplications.courseID' in /Users/nelnoki/localhost/php/registration_form.php:99\nStack trace:\n#0 /Users/nelnoki/localhost/php/registration_form.php(99): mysqli_query(Object(mysqli), 'INSERT INTO Cou...')\n#1 /Users/nelnoki/localhost/index.php(114): include('/Users/nelnoki/...')\n#2 {main}\n  thrown in /Users/nelnoki/localhost/php/registration_form.php on line 99, referer: http://localhost/index.php?page=registration_form
[Tue May 07 14:19:18.808689 2024] [php:error] [pid 28310] [client ::1:52104] PHP Fatal error:  Uncaught mysqli_sql_exception: Duplicate entry '1' for key 'coursesapplications.courseID' in /Users/nelnoki/localhost/php/registration_form.php:99\nStack trace:\n#0 /Users/nelnoki/localhost/php/registration_form.php(99): mysqli_query(Object(mysqli), 'INSERT INTO Cou...')\n#1 /Users/nelnoki/localhost/index.php(114): include('/Users/nelnoki/...')\n#2 {main}\n  thrown in /Users/nelnoki/localhost/php/registration_form.php on line 99, referer: http://localhost/index.php?page=registration_form
[Tue May 07 14:20:06.506664 2024] [php:error] [pid 28348] [client ::1:52315] PHP Fatal error:  Uncaught mysqli_sql_exception: Duplicate entry '1' for key 'coursesapplications.courseID' in /Users/nelnoki/localhost/php/registration_form.php:99\nStack trace:\n#0 /Users/nelnoki/localhost/php/registration_form.php(99): mysqli_query(Object(mysqli), 'INSERT INTO Cou...')\n#1 /Users/nelnoki/localhost/index.php(114): include('/Users/nelnoki/...')\n#2 {main}\n  thrown in /Users/nelnoki/localhost/php/registration_form.php on line 99, referer: http://localhost/index.php?page=registration_form
[Thu May 09 01:07:21.892080 2024] [php:warn] [pid 29158] [client ::1:63438] PHP Warning:  Undefined array key "engtitle" in /Users/nelnoki/localhost/index.php on line 82, referer: http://localhost/index.php?page=news
[Thu May 09 01:07:21.893205 2024] [php:warn] [pid 29158] [client ::1:63438] PHP Warning:  Undefined array key "rustitle" in /Users/nelnoki/localhost/index.php on line 83, referer: http://localhost/index.php?page=news
[Thu May 09 01:07:21.893221 2024] [php:warn] [pid 29158] [client ::1:63438] PHP Warning:  Undefined array key "engtitle" in /Users/nelnoki/localhost/index.php on line 82, referer: http://localhost/index.php?page=news
[Thu May 09 01:07:21.893228 2024] [php:warn] [pid 29158] [client ::1:63438] PHP Warning:  Undefined array key "rustitle" in /Users/nelnoki/localhost/index.php on line 83, referer: http://localhost/index.php?page=news
[Thu May 09 01:07:21.893236 2024] [php:warn] [pid 29158] [client ::1:63438] PHP Warning:  Undefined array key "engtitle" in /Users/nelnoki/localhost/index.php on line 82, referer: http://localhost/index.php?page=news
[Thu May 09 01:07:21.893243 2024] [php:warn] [pid 29158] [client ::1:63438] PHP Warning:  Undefined array key "rustitle" in /Users/nelnoki/localhost/index.php on line 83, referer: http://localhost/index.php?page=news
[Thu May 09 01:07:21.893251 2024] [php:warn] [pid 29158] [client ::1:63438] PHP Warning:  Undefined array key "engtitle" in /Users/nelnoki/localhost/index.php on line 82, referer: http://localhost/index.php?page=news
[Thu May 09 01:07:21.893257 2024] [php:warn] [pid 29158] [client ::1:63438] PHP Warning:  Undefined array key "rustitle" in /Users/nelnoki/localhost/index.php on line 83, referer: http://localhost/index.php?page=news
[Thu May 09 01:07:21.893264 2024] [php:warn] [pid 29158] [client ::1:63438] PHP Warning:  Undefined array key "engtitle" in /Users/nelnoki/localhost/index.php on line 82, referer: http://localhost/index.php?page=news
[Thu May 09 01:07:21.893270 2024] [php:warn] [pid 29158] [client ::1:63438] PHP Warning:  Undefined array key "rustitle" in /Users/nelnoki/localhost/index.php on line 83, referer: http://localhost/index.php?page=news
[Thu May 09 01:11:45.147937 2024] [php:error] [pid 28284] [client ::1:64545] PHP Parse error:  syntax error, unexpected token ":" in /Users/nelnoki/localhost/php/courses.php on line 78, referer: http://localhost/index.php?page=courses&age=14
[Fri May 10 02:28:11.193174 2024] [php:error] [pid 39109] [client ::1:51350] PHP Fatal error:  Uncaught mysqli_sql_exception: Duplicate entry '3' for key 'coursesapplications.courseID' in /Users/nelnoki/localhost/php/registration_form.php:94\nStack trace:\n#0 /Users/nelnoki/localhost/php/registration_form.php(94): mysqli_query(Object(mysqli), 'INSERT INTO Cou...')\n#1 /Users/nelnoki/localhost/index.php(112): include('/Users/nelnoki/...')\n#2 {main}\n  thrown in /Users/nelnoki/localhost/php/registration_form.php on line 94, referer: http://localhost/index.php?page=registration_form&action=add_application
[Fri May 10 02:35:21.970179 2024] [php:warn] [pid 28341] [client ::1:53298] PHP Warning:  foreach() argument must be of type array|object, string given in /Users/nelnoki/localhost/php/registration_form.php on line 89, referer: http://localhost/index.php?page=registration_form&action=add_application
[Fri May 10 02:37:47.224141 2024] [php:warn] [pid 33092] [client ::1:53907] PHP Warning:  foreach() argument must be of type array|object, string given in /Users/nelnoki/localhost/php/registration_form.php on line 89, referer: http://localhost/index.php?page=registration_form&action=add_application
[Fri May 10 02:39:56.477128 2024] [php:warn] [pid 28349] [client ::1:54432] PHP Warning:  Undefined array key "id" in /Users/nelnoki/localhost/php/registration_form.php on line 97, referer: http://localhost/index.php?page=registration_form&action=add_application
[Fri May 10 02:39:56.478481 2024] [php:error] [pid 28349] [client ::1:54432] PHP Fatal error:  Uncaught mysqli_sql_exception: You have an error in your SQL syntax; check the manual that corresponds to your MySQL server version for the right syntax to use near ')' at line 1 in /Users/nelnoki/localhost/php/registration_form.php:100\nStack trace:\n#0 /Users/nelnoki/localhost/php/registration_form.php(100): mysqli_query(Object(mysqli), 'INSERT INTO Cou...')\n#1 /Users/nelnoki/localhost/index.php(112): include('/Users/nelnoki/...')\n#2 {main}\n  thrown in /Users/nelnoki/localhost/php/registration_form.php on line 100, referer: http://localhost/index.php?page=registration_form&action=add_application
[Fri May 10 02:40:52.437080 2024] [php:error] [pid 36861] [client ::1:54762] PHP Fatal error:  Uncaught mysqli_sql_exception: Duplicate entry '1' for key 'coursesapplications.courseID' in /Users/nelnoki/localhost/php/registration_form.php:100\nStack trace:\n#0 /Users/nelnoki/localhost/php/registration_form.php(100): mysqli_query(Object(mysqli), 'INSERT INTO Cou...')\n#1 /Users/nelnoki/localhost/index.php(112): include('/Users/nelnoki/...')\n#2 {main}\n  thrown in /Users/nelnoki/localhost/php/registration_form.php on line 100, referer: http://localhost/index.php?page=registration_form&action=add_application
[Fri May 10 02:42:51.122782 2024] [php:error] [pid 39109] [client ::1:55343] PHP Fatal error:  Uncaught mysqli_sql_exception: Duplicate entry '1' for key 'coursesapplications.courseID' in /Users/nelnoki/localhost/php/registration_form.php:102\nStack trace:\n#0 /Users/nelnoki/localhost/php/registration_form.php(102): mysqli_query(Object(mysqli), 'INSERT INTO Cou...')\n#1 /Users/nelnoki/localhost/index.php(112): include('/Users/nelnoki/...')\n#2 {main}\n  thrown in /Users/nelnoki/localhost/php/registration_form.php on line 102, referer: http://localhost/index.php?page=registration_form&action=add_application
[Fri May 10 02:44:57.961380 2024] [php:error] [pid 28341] [client ::1:55889] PHP Fatal error:  Uncaught mysqli_sql_exception: Duplicate entry '1' for key 'coursesapplications.courseID' in /Users/nelnoki/localhost/php/registration_form.php:100\nStack trace:\n#0 /Users/nelnoki/localhost/php/registration_form.php(100): mysqli_query(Object(mysqli), 'INSERT INTO Cou...')\n#1 /Users/nelnoki/localhost/index.php(112): include('/Users/nelnoki/...')\n#2 {main}\n  thrown in /Users/nelnoki/localhost/php/registration_form.php on line 100, referer: http://localhost/index.php?page=registration_form&action=add_application
[Fri May 10 02:46:12.655696 2024] [php:error] [pid 33092] [client ::1:56192] PHP Fatal error:  Uncaught mysqli_sql_exception: Duplicate entry '1' for key 'coursesapplications.courseID' in /Users/nelnoki/localhost/php/registration_form.php:100\nStack trace:\n#0 /Users/nelnoki/localhost/php/registration_form.php(100): mysqli_query(Object(mysqli), 'INSERT INTO Cou...')\n#1 /Users/nelnoki/localhost/index.php(112): include('/Users/nelnoki/...')\n#2 {main}\n  thrown in /Users/nelnoki/localhost/php/registration_form.php on line 100, referer: http://localhost/index.php?page=registration_form&action=add_application
[Fri May 10 03:12:26.211570 2024] [php:error] [pid 39109] [client ::1:62859] PHP Fatal error:  Uncaught mysqli_sql_exception: Incorrect datetime value: 'Fri-05-24 00:12:26' for column 'date' at row 1 in /Users/nelnoki/localhost/php/registration_form.php:87\nStack trace:\n#0 /Users/nelnoki/localhost/php/registration_form.php(87): mysqli_query(Object(mysqli), 'INSERT INTO app...')\n#1 /Users/nelnoki/localhost/index.php(112): include('/Users/nelnoki/...')\n#2 {main}\n  thrown in /Users/nelnoki/localhost/php/registration_form.php on line 87, referer: http://localhost/index.php?page=registration_form&action=add_application
[Fri May 10 03:14:07.146371 2024] [php:error] [pid 28341] [client ::1:63279] PHP Fatal error:  Uncaught mysqli_sql_exception: Incorrect datetime value: '10-05-2024 00:14:07' for column 'date' at row 1 in /Users/nelnoki/localhost/php/registration_form.php:87\nStack trace:\n#0 /Users/nelnoki/localhost/php/registration_form.php(87): mysqli_query(Object(mysqli), 'INSERT INTO app...')\n#1 /Users/nelnoki/localhost/index.php(112): include('/Users/nelnoki/...')\n#2 {main}\n  thrown in /Users/nelnoki/localhost/php/registration_form.php on line 87, referer: http://localhost/index.php?page=registration_form&action=add_application
[Fri May 10 04:43:19.270566 2024] [php:warn] [pid 28341] [client ::1:52937] PHP Warning:  Cannot modify header information - headers already sent by (output started at /Users/nelnoki/localhost/php/applications.php:35) in /Users/nelnoki/localhost/php/applications.php on line 111, referer: http://localhost/index.php?page=applications&action=update_application_form&ID=2
[Fri May 10 04:44:36.848554 2024] [php:warn] [pid 39109] [client ::1:53259] PHP Warning:  Cannot modify header information - headers already sent by (output started at /Users/nelnoki/localhost/php/applications.php:35) in /Users/nelnoki/localhost/php/applications.php on line 111, referer: http://localhost/index.php?page=applications&action=update_application_form&ID=2
[Fri May 10 04:44:36.849661 2024] [php:error] [pid 39109] [client ::1:53259] PHP Fatal error:  Uncaught mysqli_sql_exception: Incorrect integer value: '' for column 'prNumber' at row 1 in /Users/nelnoki/localhost/php/applications.php:112\nStack trace:\n#0 /Users/nelnoki/localhost/php/applications.php(112): mysqli_query(Object(mysqli), 'update Applicat...')\n#1 /Users/nelnoki/localhost/index.php(112): include('/Users/nelnoki/...')\n#2 {main}\n  thrown in /Users/nelnoki/localhost/php/applications.php on line 112, referer: http://localhost/index.php?page=applications&action=update_application_form&ID=2
[Fri May 10 04:44:55.516183 2024] [php:warn] [pid 28310] [client ::1:53294] PHP Warning:  Cannot modify header information - headers already sent by (output started at /Users/nelnoki/localhost/php/applications.php:35) in /Users/nelnoki/localhost/php/applications.php on line 111, referer: http://localhost/index.php?page=applications&action=update_application_form&ID=2
[Fri May 10 04:44:55.517328 2024] [php:error] [pid 28310] [client ::1:53294] PHP Fatal error:  Uncaught mysqli_sql_exception: Incorrect integer value: '' for column 'prNumber' at row 1 in /Users/nelnoki/localhost/php/applications.php:112\nStack trace:\n#0 /Users/nelnoki/localhost/php/applications.php(112): mysqli_query(Object(mysqli), 'update Applicat...')\n#1 /Users/nelnoki/localhost/index.php(112): include('/Users/nelnoki/...')\n#2 {main}\n  thrown in /Users/nelnoki/localhost/php/applications.php on line 112, referer: http://localhost/index.php?page=applications&action=update_application_form&ID=2
[Fri May 10 05:07:52.186618 2024] [php:warn] [pid 29158] [client ::1:58992] PHP Warning:  Cannot modify header information - headers already sent by (output started at /Users/nelnoki/localhost/php/applications.php:35) in /Users/nelnoki/localhost/php/applications.php on line 123, referer: http://localhost/index.php?page=applications&action=update_application_form&ID=2
[Fri May 10 05:10:39.981494 2024] [php:warn] [pid 28310] [client ::1:59696] PHP Warning:  Undefined variable $sqlDeleteCourses in /Users/nelnoki/localhost/php/applications.php on line 113, referer: http://localhost/index.php?page=applications&action=update_application_form&ID=2
[Fri May 10 05:10:39.982650 2024] [php:error] [pid 28310] [client ::1:59696] PHP Fatal error:  Uncaught ValueError: mysqli_query(): Argument #2 ($query) cannot be empty in /Users/nelnoki/localhost/php/applications.php:113\nStack trace:\n#0 /Users/nelnoki/localhost/php/applications.php(113): mysqli_query(Object(mysqli), '')\n#1 /Users/nelnoki/localhost/index.php(112): include('/Users/nelnoki/...')\n#2 {main}\n  thrown in /Users/nelnoki/localhost/php/applications.php on line 113, referer: http://localhost/index.php?page=applications&action=update_application_form&ID=2
[Fri May 10 05:11:02.362196 2024] [php:warn] [pid 28349] [client ::1:59736] PHP Warning:  Cannot modify header information - headers already sent by (output started at /Users/nelnoki/localhost/php/applications.php:22) in /Users/nelnoki/localhost/php/applications.php on line 124, referer: http://localhost/index.php?page=applications&action=update_application_form&ID=2
[Fri May 10 05:11:30.003570 2024] [php:warn] [pid 28341] [client ::1:59907] PHP Warning:  Cannot modify header information - headers already sent by (output started at /Users/nelnoki/localhost/php/applications.php:35) in /Users/nelnoki/localhost/php/applications.php on line 124, referer: http://localhost/index.php?page=applications&action=update_application_form&ID=2
[Fri May 10 05:14:13.729685 2024] [php:warn] [pid 28284] [client ::1:60549] PHP Warning:  Trying to access array offset on null in /Users/nelnoki/localhost/php/applications.php on line 123, referer: http://localhost/index.php?page=applications&action=update_application_form&ID=2
[Fri May 10 05:14:13.730796 2024] [php:error] [pid 28284] [client ::1:60549] PHP Fatal error:  Uncaught mysqli_sql_exception: You have an error in your SQL syntax; check the manual that corresponds to your MySQL server version for the right syntax to use near ')' at line 1 in /Users/nelnoki/localhost/php/applications.php:126\nStack trace:\n#0 /Users/nelnoki/localhost/php/applications.php(126): mysqli_query(Object(mysqli), 'INSERT INTO Cou...')\n#1 /Users/nelnoki/localhost/index.php(112): include('/Users/nelnoki/...')\n#2 {main}\n  thrown in /Users/nelnoki/localhost/php/applications.php on line 126, referer: http://localhost/index.php?page=applications&action=update_application_form&ID=2
[Sun May 26 00:32:36.503599 2024] [php:warn] [pid 93810] [client ::1:53021] PHP Warning:  Undefined array key "chosen_courses" in /Users/nelnoki/localhost/php/registration_form.php on line 94, referer: http://localhost/index.php?page=registration_form
[Sun May 26 00:32:36.503967 2024] [php:warn] [pid 93810] [client ::1:53021] PHP Warning:  foreach() argument must be of type array|object, null given in /Users/nelnoki/localhost/php/registration_form.php on line 94, referer: http://localhost/index.php?page=registration_form
